2023-04-25 10:49:11,118 [1] INFO server.LogManager - Starting server ...--------
2023-04-25 10:49:11,484 [1] INFO server.LogManager - Initialized service & repo ...--------
2023-04-25 10:49:28,194 [1] INFO server.LogManager - Starting server ...--------
2023-04-25 10:49:28,589 [1] INFO server.LogManager - Initialized service & repo ...--------
2023-04-25 10:53:51,307 [1] INFO server.LogManager - Starting server ...--------
2023-04-25 10:53:51,379 [1] INFO server.LogManager - Initialized service & repo ...--------
2023-04-25 10:54:03,590 [10] INFO server.LogManager - Attempting login
2023-04-25 10:54:03,901 [10] INFO mpp_proiect_csharp_DeepSmeag.persistence.PersoanaOficiuRepo - Persoana oficiu gasita cu succes
2023-04-25 10:54:06,787 [10] INFO mpp_proiect_csharp_DeepSmeag.persistence.ProbaRepo - 6-8
2023-04-25 10:54:06,789 [10] INFO mpp_proiect_csharp_DeepSmeag.persistence.ProbaRepo - 6-8
2023-04-25 10:54:06,790 [10] INFO mpp_proiect_csharp_DeepSmeag.persistence.ProbaRepo - 6-8
2023-04-25 10:54:06,790 [10] INFO mpp_proiect_csharp_DeepSmeag.persistence.ProbaRepo - 9-11
2023-04-25 10:54:06,791 [10] INFO mpp_proiect_csharp_DeepSmeag.persistence.ProbaRepo - 9-11
2023-04-25 10:54:06,792 [10] INFO mpp_proiect_csharp_DeepSmeag.persistence.ProbaRepo - 9-11
2023-04-25 10:54:06,792 [10] INFO mpp_proiect_csharp_DeepSmeag.persistence.ProbaRepo - 12-15
2023-04-25 10:54:06,793 [10] INFO mpp_proiect_csharp_DeepSmeag.persistence.ProbaRepo - 12-15
2023-04-25 10:54:06,795 [10] INFO mpp_proiect_csharp_DeepSmeag.persistence.ProbaRepo - 12-15
2023-04-25 11:06:23,758 [1] INFO server.LogManager - Starting server ...--------
2023-04-25 11:06:23,833 [1] INFO server.LogManager - Initialized service & repo ...--------
2023-04-25 11:06:34,332 [10] INFO server.LogManager - Attempting login
2023-04-25 11:06:34,550 [10] INFO mpp_proiect_csharp_DeepSmeag.persistence.PersoanaOficiuRepo - Persoana oficiu gasita cu succes
2023-04-25 11:06:36,691 [10] INFO mpp_proiect_csharp_DeepSmeag.persistence.ProbaRepo - 6-8
2023-04-25 11:06:36,693 [10] INFO mpp_proiect_csharp_DeepSmeag.persistence.ProbaRepo - 6-8
2023-04-25 11:06:36,694 [10] INFO mpp_proiect_csharp_DeepSmeag.persistence.ProbaRepo - 6-8
2023-04-25 11:06:36,694 [10] INFO mpp_proiect_csharp_DeepSmeag.persistence.ProbaRepo - 9-11
2023-04-25 11:06:36,695 [10] INFO mpp_proiect_csharp_DeepSmeag.persistence.ProbaRepo - 9-11
2023-04-25 11:06:36,696 [10] INFO mpp_proiect_csharp_DeepSmeag.persistence.ProbaRepo - 9-11
2023-04-25 11:06:36,697 [10] INFO mpp_proiect_csharp_DeepSmeag.persistence.ProbaRepo - 12-15
2023-04-25 11:06:36,697 [10] INFO mpp_proiect_csharp_DeepSmeag.persistence.ProbaRepo - 12-15
2023-04-25 11:06:36,698 [10] INFO mpp_proiect_csharp_DeepSmeag.persistence.ProbaRepo - 12-15
2023-04-25 11:08:01,884 [3] INFO server.LogManager - Attempting login
2023-04-25 11:08:01,885 [3] INFO mpp_proiect_csharp_DeepSmeag.persistence.PersoanaOficiuRepo - Persoana oficiu gasita cu succes
2023-04-25 11:08:04,039 [3] INFO mpp_proiect_csharp_DeepSmeag.persistence.ProbaRepo - 6-8
2023-04-25 11:08:04,042 [3] INFO mpp_proiect_csharp_DeepSmeag.persistence.ProbaRepo - 6-8
2023-04-25 11:08:04,046 [3] INFO mpp_proiect_csharp_DeepSmeag.persistence.ProbaRepo - 6-8
2023-04-25 11:08:04,052 [3] INFO mpp_proiect_csharp_DeepSmeag.persistence.ProbaRepo - 9-11
2023-04-25 11:08:04,056 [3] INFO mpp_proiect_csharp_DeepSmeag.persistence.ProbaRepo - 9-11
2023-04-25 11:08:04,060 [3] INFO mpp_proiect_csharp_DeepSmeag.persistence.ProbaRepo - 9-11
2023-04-25 11:08:04,069 [3] INFO mpp_proiect_csharp_DeepSmeag.persistence.ProbaRepo - 12-15
2023-04-25 11:08:04,076 [3] INFO mpp_proiect_csharp_DeepSmeag.persistence.ProbaRepo - 12-15
2023-04-25 11:08:04,086 [3] INFO mpp_proiect_csharp_DeepSmeag.persistence.ProbaRepo - 12-15
2023-04-25 11:08:07,155 [14] INFO server.LogManager - Attempting login
2023-04-25 11:08:07,157 [14] INFO mpp_proiect_csharp_DeepSmeag.persistence.PersoanaOficiuRepo - Persoana oficiu gasita cu succes
2023-04-25 11:08:09,229 [14] INFO mpp_proiect_csharp_DeepSmeag.persistence.ProbaRepo - 6-8
2023-04-25 11:08:09,233 [14] INFO mpp_proiect_csharp_DeepSmeag.persistence.ProbaRepo - 6-8
2023-04-25 11:08:09,238 [14] INFO mpp_proiect_csharp_DeepSmeag.persistence.ProbaRepo - 6-8
2023-04-25 11:08:09,241 [14] INFO mpp_proiect_csharp_DeepSmeag.persistence.ProbaRepo - 9-11
2023-04-25 11:08:09,245 [14] INFO mpp_proiect_csharp_DeepSmeag.persistence.ProbaRepo - 9-11
2023-04-25 11:08:09,262 [14] INFO mpp_proiect_csharp_DeepSmeag.persistence.ProbaRepo - 9-11
2023-04-25 11:08:09,271 [14] INFO mpp_proiect_csharp_DeepSmeag.persistence.ProbaRepo - 12-15
2023-04-25 11:08:09,274 [14] INFO mpp_proiect_csharp_DeepSmeag.persistence.ProbaRepo - 12-15
2023-04-25 11:08:09,276 [14] INFO mpp_proiect_csharp_DeepSmeag.persistence.ProbaRepo - 12-15
2023-04-25 11:09:19,933 [14] INFO mpp_proiect_csharp_DeepSmeag.persistence.ProbaRepo - 6-8
2023-04-25 11:09:19,942 [14] INFO mpp_proiect_csharp_DeepSmeag.persistence.ProbaRepo - 6-8
2023-04-25 11:09:19,959 [14] INFO mpp_proiect_csharp_DeepSmeag.persistence.ProbaRepo - 6-8
2023-04-25 11:09:19,962 [14] INFO mpp_proiect_csharp_DeepSmeag.persistence.ProbaRepo - 9-11
2023-04-25 11:09:19,967 [14] INFO mpp_proiect_csharp_DeepSmeag.persistence.ProbaRepo - 9-11
2023-04-25 11:09:19,975 [14] INFO mpp_proiect_csharp_DeepSmeag.persistence.ProbaRepo - 9-11
2023-04-25 11:09:19,992 [14] INFO mpp_proiect_csharp_DeepSmeag.persistence.ProbaRepo - 12-15
2023-04-25 11:09:19,994 [14] INFO mpp_proiect_csharp_DeepSmeag.persistence.ProbaRepo - 12-15
2023-04-25 11:09:19,997 [14] INFO mpp_proiect_csharp_DeepSmeag.persistence.ProbaRepo - 12-15
2023-04-25 11:09:20,918 [3] INFO mpp_proiect_csharp_DeepSmeag.persistence.ProbaRepo - 6-8
2023-04-25 11:09:20,920 [3] INFO mpp_proiect_csharp_DeepSmeag.persistence.ProbaRepo - 6-8
2023-04-25 11:09:20,922 [3] INFO mpp_proiect_csharp_DeepSmeag.persistence.ProbaRepo - 6-8
2023-04-25 11:09:20,923 [3] INFO mpp_proiect_csharp_DeepSmeag.persistence.ProbaRepo - 9-11
2023-04-25 11:09:20,925 [3] INFO mpp_proiect_csharp_DeepSmeag.persistence.ProbaRepo - 9-11
2023-04-25 11:09:20,926 [3] INFO mpp_proiect_csharp_DeepSmeag.persistence.ProbaRepo - 9-11
2023-04-25 11:09:20,928 [3] INFO mpp_proiect_csharp_DeepSmeag.persistence.ProbaRepo - 12-15
2023-04-25 11:09:20,930 [3] INFO mpp_proiect_csharp_DeepSmeag.persistence.ProbaRepo - 12-15
2023-04-25 11:09:20,931 [3] INFO mpp_proiect_csharp_DeepSmeag.persistence.ProbaRepo - 12-15
2023-04-25 11:09:38,228 [3] INFO mpp_proiect_csharp_DeepSmeag.persistence.ProbaRepo - 6-8
2023-04-25 11:09:38,247 [3] INFO mpp_proiect_csharp_DeepSmeag.persistence.ProbaRepo - 6-8
2023-04-25 11:09:38,272 [3] INFO mpp_proiect_csharp_DeepSmeag.persistence.ProbaRepo - 6-8
2023-04-25 11:09:38,276 [3] INFO mpp_proiect_csharp_DeepSmeag.persistence.ProbaRepo - 9-11
2023-04-25 11:09:38,284 [3] INFO mpp_proiect_csharp_DeepSmeag.persistence.ProbaRepo - 9-11
2023-04-25 11:09:38,286 [3] INFO mpp_proiect_csharp_DeepSmeag.persistence.ProbaRepo - 9-11
2023-04-25 11:09:38,288 [3] INFO mpp_proiect_csharp_DeepSmeag.persistence.ProbaRepo - 12-15
2023-04-25 11:09:38,290 [3] INFO mpp_proiect_csharp_DeepSmeag.persistence.ProbaRepo - 12-15
2023-04-25 11:09:38,293 [3] INFO mpp_proiect_csharp_DeepSmeag.persistence.ProbaRepo - 12-15
2023-04-25 11:09:39,206 [14] INFO mpp_proiect_csharp_DeepSmeag.persistence.ProbaRepo - 6-8
2023-04-25 11:09:39,209 [14] INFO mpp_proiect_csharp_DeepSmeag.persistence.ProbaRepo - 6-8
2023-04-25 11:09:39,211 [14] INFO mpp_proiect_csharp_DeepSmeag.persistence.ProbaRepo - 6-8
2023-04-25 11:09:39,213 [14] INFO mpp_proiect_csharp_DeepSmeag.persistence.ProbaRepo - 9-11
2023-04-25 11:09:39,216 [14] INFO mpp_proiect_csharp_DeepSmeag.persistence.ProbaRepo - 9-11
2023-04-25 11:09:39,218 [14] INFO mpp_proiect_csharp_DeepSmeag.persistence.ProbaRepo - 9-11
2023-04-25 11:09:39,220 [14] INFO mpp_proiect_csharp_DeepSmeag.persistence.ProbaRepo - 12-15
2023-04-25 11:09:39,223 [14] INFO mpp_proiect_csharp_DeepSmeag.persistence.ProbaRepo - 12-15
2023-04-25 11:09:39,225 [14] INFO mpp_proiect_csharp_DeepSmeag.persistence.ProbaRepo - 12-15
2023-04-25 11:17:18,796 [1] INFO server.LogManager - Starting server ...--------
2023-04-25 11:17:18,882 [1] INFO server.LogManager - Initialized service & repo ...--------
2023-04-25 11:17:30,899 [1] INFO server.LogManager - Starting server ...--------
2023-04-25 11:17:31,113 [1] INFO server.LogManager - Initialized service & repo ...--------
