     1                                  bits 32 
     2                                  
     3                                  
     4                                  global start        
     5                                  
     6                                  
     7                                  extern exit, fscanf, fprintf, fopen, fclose           
     8                                  import exit msvcrt.dll    
     9                                  import fscanf msvcrt.dll
    10                                  import fprintf msvcrt.dll
    11                                  import fopen msvcrt.dll
    12                                  import fclose msvcrt.dll
    13                                                            
    14                                  
    15                                  
    16                                  segment data use32 class=data
    17                                  
    18 00000000 00<rept>                    cuvant times 100 db 0
    19 00000064 00000000                    numar_cuvinte dd 0
    20 00000068 00000000                    nr_cifre dd 0
    21                                  
    22 0000006C 00000000                    descriptor1 dd 0
    23 00000070 00000000                    descriptor2 dd 0
    24                                      
    25 00000074 666973696572312E74-         nume1 db "fisier1.txt", 0 ; cel care contine propozitiile
    25 0000007D 787400             
    26 00000080 666973696572322E74-         nume2 db "fisier2.txt", 0 ; cel in care scriem
    26 00000089 787400             
    27 0000008C 7200                        mod_1 db "r", 0
    28 0000008E 7700                        mod_2 db "w", 0
    29                                      
    30                                      
    31                                      
    32 00000090 257300                      format_citire db "%s", 0
    33 00000093 25732025640A00              format_scriere db "%s %d",10, 0
    34                                  
    35                                  
    36                                  segment code use32 class=code
    37                                      start:
    38                                          ;Sa se scrie un program care citeste un fisier text care contine propozitii (propozitiile se termina cu caracterul '?')
    39                                          ; si scrie intr-un alt fisier doar ultimul cuvant din fiecare propozitie urmat de numarul cuvintelor din acea propozitie.
    40                                          ; Numele celor 2 fisiere se da in segmentul de date.
    41                                      
    42                                          ;fopen(primul, mod)
    43 00000000 68[8C000000]                    push dword mod_1
    44 00000005 68[74000000]                    push dword nume1
    45 0000000A FF15[00000000]                  call [fopen]
    46 00000010 83C408                          add esp, 4*2
    47 00000013 83F800                          cmp eax, 0
    48 00000016 0F84CD000000                    je .final
    49                                          
    50 0000001C A3[6C000000]                    mov [descriptor1], eax
    51                                          
    52 00000021 68[8E000000]                    push dword mod_2
    53 00000026 68[80000000]                    push dword nume2
    54 0000002B FF15[00000000]                  call [fopen]
    55 00000031 83C408                          add esp, 4*2
    56 00000034 83F800                          cmp eax,0
    57 00000037 0F849D000000                    je .pre_final
    58 0000003D A3[70000000]                    mov [descriptor2], eax
    59                                          ;avem ambele fisiere deschise, acum incepem sa citim cuvinte din primul
    60                                          .citire_cuvinte:
    61 00000042 68[00000000]                        push dword cuvant
    62 00000047 68[90000000]                        push dword format_citire
    63 0000004C FF35[6C000000]                      push dword [descriptor1]
    64 00000052 FF15[00000000]                      call [fscanf]
    65 00000058 83C40C                              add esp, 4*3
    66 0000005B 83F8FF                              cmp eax, -1
    67 0000005E 746B                                je .final_citire
    68                                              ; am citit cuvant, il am in "cuvant"
    69 00000060 FF05[64000000]                      inc dword [numar_cuvinte]
    70 00000066 FC                                  cld
    71 00000067 BE[00000000]                        mov esi, cuvant
    72 0000006C C705[68000000]0000-                 mov dword [nr_cifre], 0
    72 00000074 0000               
    73                                              .verif_char:
    74 00000076 AC                                      lodsb
    75 00000077 3C3F                                    cmp al, '?'
    76 00000079 740C                                    je .scriere_cuvant
    77 0000007B 3C00                                    cmp al, 0
    78 0000007D 74C3                                    je .citire_cuvinte
    79 0000007F FF05[68000000]                          inc dword [nr_cifre]
    80 00000085 EBEF                                    jmp .verif_char
    81                                              .scriere_cuvant:
    82 00000087 833D[68000000]00                        cmp dword [nr_cifre], 0
    83 0000008E 74B2                                    je .citire_cuvinte
    84 00000090 8B15[68000000]                          mov edx, [nr_cifre]
    85 00000096 C682[00000000]00                        mov byte [cuvant + edx], 0
    86                                                  ;fprintf(desc, format, cuvant, nr_cuv)
    87 0000009D FF35[64000000]                          push dword [numar_cuvinte]
    88 000000A3 68[00000000]                            push dword cuvant
    89 000000A8 68[93000000]                            push dword format_scriere
    90 000000AD FF35[70000000]                          push dword [descriptor2]
    91 000000B3 FF15[00000000]                          call [fprintf]
    92 000000B9 83C410                                  add esp, 4*4
    93 000000BC C705[64000000]0000-                     mov dword [numar_cuvinte], 0
    93 000000C4 0000               
    94 000000C6 E977FFFFFF                              jmp .citire_cuvinte
    95                                          .final_citire:
    96 000000CB FF35[70000000]                      push dword [descriptor2]
    97 000000D1 FF15[00000000]                      call [fclose]
    98 000000D7 83C404                              add esp, 4*1
    99                                          
   100                                          .pre_final:
   101 000000DA FF35[6C000000]                      push dword [descriptor1]
   102 000000E0 FF15[00000000]                      call [fclose]
   103 000000E6 83C404                              add esp, 4*1
   104                                          
   105                                          
   106                                          .final:
   107                                      
   108                                          ; exit(0)
   109 000000E9 6A00                            push    dword 0      
   110 000000EB FF15[00000000]                  call    [exit]       
