2023-04-02 15:21:12,366 [1] ERROR mpp_proiect_csharp_DeepSmeag.repo.PersoanaOficiuRepo - Eroare la gasirea persoanei oficiu
2023-04-02 15:21:19,612 [1] ERROR mpp_proiect_csharp_DeepSmeag.repo.PersoanaOficiuRepo - Eroare la gasirea persoanei oficiu
2023-04-02 15:21:21,878 [1] ERROR mpp_proiect_csharp_DeepSmeag.repo.PersoanaOficiuRepo - Eroare la gasirea persoanei oficiu
2023-04-02 15:22:45,266 [1] INFO mpp_proiect_csharp_DeepSmeag.repo.PersoanaOficiuRepo - Persoana oficiu gasita cu succes
2023-04-02 15:22:53,369 [1] ERROR mpp_proiect_csharp_DeepSmeag.repo.PersoanaOficiuRepo - Eroare la gasirea persoanei oficiu
2023-04-02 15:22:58,309 [1] ERROR mpp_proiect_csharp_DeepSmeag.repo.PersoanaOficiuRepo - Eroare la gasirea persoanei oficiu
2023-04-02 15:23:00,027 [1] ERROR mpp_proiect_csharp_DeepSmeag.repo.PersoanaOficiuRepo - Eroare la gasirea persoanei oficiu
2023-04-02 15:23:01,957 [1] ERROR mpp_proiect_csharp_DeepSmeag.repo.PersoanaOficiuRepo - Eroare la gasirea persoanei oficiu
2023-04-02 15:23:03,625 [1] ERROR mpp_proiect_csharp_DeepSmeag.repo.PersoanaOficiuRepo - Eroare la gasirea persoanei oficiu
2023-04-02 15:23:09,620 [1] ERROR mpp_proiect_csharp_DeepSmeag.repo.PersoanaOficiuRepo - Eroare la gasirea persoanei oficiu
2023-04-02 15:23:18,305 [1] ERROR mpp_proiect_csharp_DeepSmeag.repo.PersoanaOficiuRepo - Eroare la gasirea persoanei oficiu
2023-04-02 15:23:34,126 [1] ERROR mpp_proiect_csharp_DeepSmeag.repo.PersoanaOficiuRepo - Eroare la gasirea persoanei oficiu
2023-04-02 15:23:36,761 [1] ERROR mpp_proiect_csharp_DeepSmeag.repo.PersoanaOficiuRepo - Eroare la gasirea persoanei oficiu
2023-04-02 15:24:04,671 [1] INFO mpp_proiect_csharp_DeepSmeag.repo.PersoanaOficiuRepo - Persoana oficiu gasita cu succes
2023-04-02 15:24:15,059 [1] INFO mpp_proiect_csharp_DeepSmeag.repo.PersoanaOficiuRepo - Persoana oficiu gasita cu succes
2023-04-02 15:24:17,696 [1] ERROR mpp_proiect_csharp_DeepSmeag.repo.PersoanaOficiuRepo - Eroare la gasirea persoanei oficiu
2023-04-02 15:24:23,972 [1] ERROR mpp_proiect_csharp_DeepSmeag.repo.PersoanaOficiuRepo - Eroare la gasirea persoanei oficiu
2023-04-02 15:26:14,766 [1] ERROR mpp_proiect_csharp_DeepSmeag.repo.PersoanaOficiuRepo - Eroare la gasirea persoanei oficiu
2023-04-02 15:26:21,117 [1] ERROR mpp_proiect_csharp_DeepSmeag.repo.PersoanaOficiuRepo - Eroare la gasirea persoanei oficiu
2023-04-02 15:26:31,045 [1] ERROR mpp_proiect_csharp_DeepSmeag.repo.PersoanaOficiuRepo - Eroare la gasirea persoanei oficiu
2023-04-02 15:31:36,787 [1] ERROR mpp_proiect_csharp_DeepSmeag.repo.PersoanaOficiuRepo - Eroare la gasirea persoanei oficiu
2023-04-02 15:31:42,092 [1] ERROR mpp_proiect_csharp_DeepSmeag.repo.PersoanaOficiuRepo - Eroare la gasirea persoanei oficiu
2023-04-02 15:31:48,701 [1] ERROR mpp_proiect_csharp_DeepSmeag.repo.PersoanaOficiuRepo - Eroare la gasirea persoanei oficiu
2023-04-02 15:36:22,535 [1] INFO mpp_proiect_csharp_DeepSmeag.repo.PersoanaOficiuRepo - Persoana oficiu gasita cu succes
2023-04-02 15:36:44,151 [1] INFO mpp_proiect_csharp_DeepSmeag.repo.PersoanaOficiuRepo - Persoana oficiu gasita cu succes
2023-04-02 15:37:55,676 [1] INFO mpp_proiect_csharp_DeepSmeag.repo.PersoanaOficiuRepo - Persoana oficiu gasita cu succes
2023-04-02 16:23:02,169 [1] INFO mpp_proiect_csharp_DeepSmeag.repo.PersoanaOficiuRepo - Persoana oficiu gasita cu succes
2023-04-02 16:34:18,414 [1] INFO mpp_proiect_csharp_DeepSmeag.repo.PersoanaOficiuRepo - Persoana oficiu gasita cu succes
2023-04-02 16:57:31,791 [1] INFO mpp_proiect_csharp_DeepSmeag.repo.PersoanaOficiuRepo - Persoana oficiu gasita cu succes
2023-04-02 17:03:11,423 [1] INFO mpp_proiect_csharp_DeepSmeag.repo.PersoanaOficiuRepo - Persoana oficiu gasita cu succes
2023-04-02 17:05:15,670 [1] INFO mpp_proiect_csharp_DeepSmeag.repo.PersoanaOficiuRepo - Persoana oficiu gasita cu succes
2023-04-02 17:05:16,752 [1] INFO mpp_proiect_csharp_DeepSmeag.repo.NumeProbaRepo - Am ajuns la eroare la nume proba
2023-04-02 18:00:21,654 [1] INFO mpp_proiect_csharp_DeepSmeag.repo.PersoanaOficiuRepo - Persoana oficiu gasita cu succes
2023-04-02 18:00:23,283 [1] INFO mpp_proiect_csharp_DeepSmeag.repo.NumeProbaRepo - Am ajuns la eroare la nume proba
2023-04-02 18:01:18,737 [1] INFO mpp_proiect_csharp_DeepSmeag.repo.PersoanaOficiuRepo - Persoana oficiu gasita cu succes
2023-04-02 18:01:21,695 [1] INFO mpp_proiect_csharp_DeepSmeag.repo.NumeProbaRepo - Am ajuns la eroare la nume proba
2023-04-02 18:01:21,696 [1] ERROR mpp_proiect_csharp_DeepSmeag.repo.NumeProbaRepo - 42P01: relation "NumeProba" does not exist

POSITION: 15
2023-04-02 18:01:49,746 [1] INFO mpp_proiect_csharp_DeepSmeag.repo.PersoanaOficiuRepo - Persoana oficiu gasita cu succes
2023-04-02 18:01:51,334 [1] INFO mpp_proiect_csharp_DeepSmeag.repo.NumeProbaRepo - Am ajuns la eroare la nume proba
2023-04-02 18:01:51,335 [1] ERROR mpp_proiect_csharp_DeepSmeag.repo.NumeProbaRepo - 42P01: relation "NumeProba" does not exist

POSITION: 15
2023-04-02 18:01:51,345 [1] INFO mpp_proiect_csharp_DeepSmeag.repo.ProbaRepo - mpp_proiect_csharp_DeepSmeag.domain.CategorieVarsta
2023-04-02 18:01:51,390 [1] INFO mpp_proiect_csharp_DeepSmeag.repo.NumeProbaRepo - Am ajuns la eroare la nume proba
2023-04-02 18:01:51,391 [1] ERROR mpp_proiect_csharp_DeepSmeag.repo.NumeProbaRepo - 42P01: relation "NumeProba" does not exist

POSITION: 15
2023-04-02 18:01:51,391 [1] INFO mpp_proiect_csharp_DeepSmeag.repo.ProbaRepo - mpp_proiect_csharp_DeepSmeag.domain.CategorieVarsta
2023-04-02 18:01:51,432 [1] INFO mpp_proiect_csharp_DeepSmeag.repo.NumeProbaRepo - Am ajuns la eroare la nume proba
2023-04-02 18:01:51,432 [1] ERROR mpp_proiect_csharp_DeepSmeag.repo.NumeProbaRepo - 42P01: relation "NumeProba" does not exist

POSITION: 15
2023-04-02 18:01:51,433 [1] INFO mpp_proiect_csharp_DeepSmeag.repo.ProbaRepo - mpp_proiect_csharp_DeepSmeag.domain.CategorieVarsta
2023-04-02 18:01:51,475 [1] INFO mpp_proiect_csharp_DeepSmeag.repo.NumeProbaRepo - Am ajuns la eroare la nume proba
2023-04-02 18:01:51,475 [1] ERROR mpp_proiect_csharp_DeepSmeag.repo.NumeProbaRepo - 42P01: relation "NumeProba" does not exist

POSITION: 15
2023-04-02 18:01:51,475 [1] INFO mpp_proiect_csharp_DeepSmeag.repo.ProbaRepo - mpp_proiect_csharp_DeepSmeag.domain.CategorieVarsta
2023-04-02 18:01:51,515 [1] INFO mpp_proiect_csharp_DeepSmeag.repo.NumeProbaRepo - Am ajuns la eroare la nume proba
2023-04-02 18:01:51,515 [1] ERROR mpp_proiect_csharp_DeepSmeag.repo.NumeProbaRepo - 42P01: relation "NumeProba" does not exist

POSITION: 15
2023-04-02 18:01:51,516 [1] INFO mpp_proiect_csharp_DeepSmeag.repo.ProbaRepo - mpp_proiect_csharp_DeepSmeag.domain.CategorieVarsta
2023-04-02 18:01:51,555 [1] INFO mpp_proiect_csharp_DeepSmeag.repo.NumeProbaRepo - Am ajuns la eroare la nume proba
2023-04-02 18:01:51,555 [1] ERROR mpp_proiect_csharp_DeepSmeag.repo.NumeProbaRepo - 42P01: relation "NumeProba" does not exist

POSITION: 15
2023-04-02 18:01:51,556 [1] INFO mpp_proiect_csharp_DeepSmeag.repo.ProbaRepo - mpp_proiect_csharp_DeepSmeag.domain.CategorieVarsta
2023-04-02 18:01:51,593 [1] INFO mpp_proiect_csharp_DeepSmeag.repo.NumeProbaRepo - Am ajuns la eroare la nume proba
2023-04-02 18:01:51,593 [1] ERROR mpp_proiect_csharp_DeepSmeag.repo.NumeProbaRepo - 42P01: relation "NumeProba" does not exist

POSITION: 15
2023-04-02 18:01:51,594 [1] INFO mpp_proiect_csharp_DeepSmeag.repo.ProbaRepo - mpp_proiect_csharp_DeepSmeag.domain.CategorieVarsta
2023-04-02 18:01:51,632 [1] INFO mpp_proiect_csharp_DeepSmeag.repo.NumeProbaRepo - Am ajuns la eroare la nume proba
2023-04-02 18:01:51,632 [1] ERROR mpp_proiect_csharp_DeepSmeag.repo.NumeProbaRepo - 42P01: relation "NumeProba" does not exist

POSITION: 15
2023-04-02 18:01:51,633 [1] INFO mpp_proiect_csharp_DeepSmeag.repo.ProbaRepo - mpp_proiect_csharp_DeepSmeag.domain.CategorieVarsta
2023-04-02 18:01:51,670 [1] INFO mpp_proiect_csharp_DeepSmeag.repo.NumeProbaRepo - Am ajuns la eroare la nume proba
2023-04-02 18:01:51,670 [1] ERROR mpp_proiect_csharp_DeepSmeag.repo.NumeProbaRepo - 42P01: relation "NumeProba" does not exist

POSITION: 15
2023-04-02 18:01:51,670 [1] INFO mpp_proiect_csharp_DeepSmeag.repo.ProbaRepo - mpp_proiect_csharp_DeepSmeag.domain.CategorieVarsta
2023-04-02 18:04:03,296 [1] INFO mpp_proiect_csharp_DeepSmeag.repo.PersoanaOficiuRepo - Persoana oficiu gasita cu succes
2023-04-02 18:04:05,220 [1] INFO mpp_proiect_csharp_DeepSmeag.repo.ProbaRepo - mpp_proiect_csharp_DeepSmeag.domain.CategorieVarsta
2023-04-02 18:04:05,222 [1] INFO mpp_proiect_csharp_DeepSmeag.repo.ProbaRepo - mpp_proiect_csharp_DeepSmeag.domain.CategorieVarsta
2023-04-02 18:04:05,222 [1] INFO mpp_proiect_csharp_DeepSmeag.repo.ProbaRepo - mpp_proiect_csharp_DeepSmeag.domain.CategorieVarsta
2023-04-02 18:04:05,223 [1] INFO mpp_proiect_csharp_DeepSmeag.repo.ProbaRepo - mpp_proiect_csharp_DeepSmeag.domain.CategorieVarsta
2023-04-02 18:04:05,224 [1] INFO mpp_proiect_csharp_DeepSmeag.repo.ProbaRepo - mpp_proiect_csharp_DeepSmeag.domain.CategorieVarsta
2023-04-02 18:04:05,224 [1] INFO mpp_proiect_csharp_DeepSmeag.repo.ProbaRepo - mpp_proiect_csharp_DeepSmeag.domain.CategorieVarsta
2023-04-02 18:04:05,225 [1] INFO mpp_proiect_csharp_DeepSmeag.repo.ProbaRepo - mpp_proiect_csharp_DeepSmeag.domain.CategorieVarsta
2023-04-02 18:04:05,225 [1] INFO mpp_proiect_csharp_DeepSmeag.repo.ProbaRepo - mpp_proiect_csharp_DeepSmeag.domain.CategorieVarsta
2023-04-02 18:04:05,226 [1] INFO mpp_proiect_csharp_DeepSmeag.repo.ProbaRepo - mpp_proiect_csharp_DeepSmeag.domain.CategorieVarsta
2023-04-02 18:05:28,927 [1] INFO mpp_proiect_csharp_DeepSmeag.repo.PersoanaOficiuRepo - Persoana oficiu gasita cu succes
2023-04-02 18:05:30,423 [1] INFO mpp_proiect_csharp_DeepSmeag.repo.ProbaRepo - mpp_proiect_csharp_DeepSmeag.domain.CategorieVarsta
2023-04-02 18:05:30,424 [1] INFO mpp_proiect_csharp_DeepSmeag.repo.ProbaRepo - mpp_proiect_csharp_DeepSmeag.domain.CategorieVarsta
2023-04-02 18:05:30,424 [1] INFO mpp_proiect_csharp_DeepSmeag.repo.ProbaRepo - mpp_proiect_csharp_DeepSmeag.domain.CategorieVarsta
2023-04-02 18:05:30,425 [1] INFO mpp_proiect_csharp_DeepSmeag.repo.ProbaRepo - mpp_proiect_csharp_DeepSmeag.domain.CategorieVarsta
2023-04-02 18:05:30,425 [1] INFO mpp_proiect_csharp_DeepSmeag.repo.ProbaRepo - mpp_proiect_csharp_DeepSmeag.domain.CategorieVarsta
2023-04-02 18:05:30,426 [1] INFO mpp_proiect_csharp_DeepSmeag.repo.ProbaRepo - mpp_proiect_csharp_DeepSmeag.domain.CategorieVarsta
2023-04-02 18:05:30,426 [1] INFO mpp_proiect_csharp_DeepSmeag.repo.ProbaRepo - mpp_proiect_csharp_DeepSmeag.domain.CategorieVarsta
2023-04-02 18:05:30,427 [1] INFO mpp_proiect_csharp_DeepSmeag.repo.ProbaRepo - mpp_proiect_csharp_DeepSmeag.domain.CategorieVarsta
2023-04-02 18:05:30,427 [1] INFO mpp_proiect_csharp_DeepSmeag.repo.ProbaRepo - mpp_proiect_csharp_DeepSmeag.domain.CategorieVarsta
2023-04-02 18:11:56,524 [1] INFO mpp_proiect_csharp_DeepSmeag.repo.PersoanaOficiuRepo - Persoana oficiu gasita cu succes
2023-04-02 18:11:57,881 [1] INFO mpp_proiect_csharp_DeepSmeag.repo.ProbaRepo - mpp_proiect_csharp_DeepSmeag.domain.CategorieVarsta
2023-04-02 18:11:57,882 [1] INFO mpp_proiect_csharp_DeepSmeag.repo.ProbaRepo - mpp_proiect_csharp_DeepSmeag.domain.CategorieVarsta
2023-04-02 18:11:57,883 [1] INFO mpp_proiect_csharp_DeepSmeag.repo.ProbaRepo - mpp_proiect_csharp_DeepSmeag.domain.CategorieVarsta
2023-04-02 18:11:57,883 [1] INFO mpp_proiect_csharp_DeepSmeag.repo.ProbaRepo - mpp_proiect_csharp_DeepSmeag.domain.CategorieVarsta
2023-04-02 18:11:57,884 [1] INFO mpp_proiect_csharp_DeepSmeag.repo.ProbaRepo - mpp_proiect_csharp_DeepSmeag.domain.CategorieVarsta
2023-04-02 18:11:57,885 [1] INFO mpp_proiect_csharp_DeepSmeag.repo.ProbaRepo - mpp_proiect_csharp_DeepSmeag.domain.CategorieVarsta
2023-04-02 18:11:57,885 [1] INFO mpp_proiect_csharp_DeepSmeag.repo.ProbaRepo - mpp_proiect_csharp_DeepSmeag.domain.CategorieVarsta
2023-04-02 18:11:57,886 [1] INFO mpp_proiect_csharp_DeepSmeag.repo.ProbaRepo - mpp_proiect_csharp_DeepSmeag.domain.CategorieVarsta
2023-04-02 18:11:57,886 [1] INFO mpp_proiect_csharp_DeepSmeag.repo.ProbaRepo - mpp_proiect_csharp_DeepSmeag.domain.CategorieVarsta
2023-04-02 18:12:44,850 [1] INFO mpp_proiect_csharp_DeepSmeag.repo.PersoanaOficiuRepo - Persoana oficiu gasita cu succes
2023-04-02 18:12:45,387 [1] INFO mpp_proiect_csharp_DeepSmeag.repo.ProbaRepo - mpp_proiect_csharp_DeepSmeag.domain.CategorieVarsta
2023-04-02 18:12:45,388 [1] INFO mpp_proiect_csharp_DeepSmeag.repo.ProbaRepo - mpp_proiect_csharp_DeepSmeag.domain.CategorieVarsta
2023-04-02 18:12:45,389 [1] INFO mpp_proiect_csharp_DeepSmeag.repo.ProbaRepo - mpp_proiect_csharp_DeepSmeag.domain.CategorieVarsta
2023-04-02 18:12:45,389 [1] INFO mpp_proiect_csharp_DeepSmeag.repo.ProbaRepo - mpp_proiect_csharp_DeepSmeag.domain.CategorieVarsta
2023-04-02 18:12:45,390 [1] INFO mpp_proiect_csharp_DeepSmeag.repo.ProbaRepo - mpp_proiect_csharp_DeepSmeag.domain.CategorieVarsta
2023-04-02 18:12:45,391 [1] INFO mpp_proiect_csharp_DeepSmeag.repo.ProbaRepo - mpp_proiect_csharp_DeepSmeag.domain.CategorieVarsta
2023-04-02 18:12:45,391 [1] INFO mpp_proiect_csharp_DeepSmeag.repo.ProbaRepo - mpp_proiect_csharp_DeepSmeag.domain.CategorieVarsta
2023-04-02 18:12:45,392 [1] INFO mpp_proiect_csharp_DeepSmeag.repo.ProbaRepo - mpp_proiect_csharp_DeepSmeag.domain.CategorieVarsta
2023-04-02 18:12:45,392 [1] INFO mpp_proiect_csharp_DeepSmeag.repo.ProbaRepo - mpp_proiect_csharp_DeepSmeag.domain.CategorieVarsta
2023-04-02 18:14:32,421 [1] INFO mpp_proiect_csharp_DeepSmeag.repo.PersoanaOficiuRepo - Persoana oficiu gasita cu succes
2023-04-02 18:14:33,632 [1] INFO mpp_proiect_csharp_DeepSmeag.repo.ProbaRepo - mpp_proiect_csharp_DeepSmeag.domain.CategorieVarsta
2023-04-02 18:14:33,633 [1] INFO mpp_proiect_csharp_DeepSmeag.repo.ProbaRepo - mpp_proiect_csharp_DeepSmeag.domain.CategorieVarsta
2023-04-02 18:14:33,633 [1] INFO mpp_proiect_csharp_DeepSmeag.repo.ProbaRepo - mpp_proiect_csharp_DeepSmeag.domain.CategorieVarsta
2023-04-02 18:14:33,634 [1] INFO mpp_proiect_csharp_DeepSmeag.repo.ProbaRepo - mpp_proiect_csharp_DeepSmeag.domain.CategorieVarsta
2023-04-02 18:14:33,634 [1] INFO mpp_proiect_csharp_DeepSmeag.repo.ProbaRepo - mpp_proiect_csharp_DeepSmeag.domain.CategorieVarsta
2023-04-02 18:14:33,635 [1] INFO mpp_proiect_csharp_DeepSmeag.repo.ProbaRepo - mpp_proiect_csharp_DeepSmeag.domain.CategorieVarsta
2023-04-02 18:14:33,635 [1] INFO mpp_proiect_csharp_DeepSmeag.repo.ProbaRepo - mpp_proiect_csharp_DeepSmeag.domain.CategorieVarsta
2023-04-02 18:14:33,636 [1] INFO mpp_proiect_csharp_DeepSmeag.repo.ProbaRepo - mpp_proiect_csharp_DeepSmeag.domain.CategorieVarsta
2023-04-02 18:14:33,636 [1] INFO mpp_proiect_csharp_DeepSmeag.repo.ProbaRepo - mpp_proiect_csharp_DeepSmeag.domain.CategorieVarsta
2023-04-02 18:17:39,937 [1] INFO mpp_proiect_csharp_DeepSmeag.repo.PersoanaOficiuRepo - Persoana oficiu gasita cu succes
2023-04-02 18:17:40,185 [1] INFO mpp_proiect_csharp_DeepSmeag.repo.ProbaRepo - mpp_proiect_csharp_DeepSmeag.domain.CategorieVarsta
2023-04-02 18:17:40,187 [1] INFO mpp_proiect_csharp_DeepSmeag.repo.ProbaRepo - mpp_proiect_csharp_DeepSmeag.domain.CategorieVarsta
2023-04-02 18:17:40,187 [1] INFO mpp_proiect_csharp_DeepSmeag.repo.ProbaRepo - mpp_proiect_csharp_DeepSmeag.domain.CategorieVarsta
2023-04-02 18:17:40,188 [1] INFO mpp_proiect_csharp_DeepSmeag.repo.ProbaRepo - mpp_proiect_csharp_DeepSmeag.domain.CategorieVarsta
2023-04-02 18:17:40,188 [1] INFO mpp_proiect_csharp_DeepSmeag.repo.ProbaRepo - mpp_proiect_csharp_DeepSmeag.domain.CategorieVarsta
2023-04-02 18:17:40,189 [1] INFO mpp_proiect_csharp_DeepSmeag.repo.ProbaRepo - mpp_proiect_csharp_DeepSmeag.domain.CategorieVarsta
2023-04-02 18:17:40,189 [1] INFO mpp_proiect_csharp_DeepSmeag.repo.ProbaRepo - mpp_proiect_csharp_DeepSmeag.domain.CategorieVarsta
2023-04-02 18:17:40,190 [1] INFO mpp_proiect_csharp_DeepSmeag.repo.ProbaRepo - mpp_proiect_csharp_DeepSmeag.domain.CategorieVarsta
2023-04-02 18:17:40,190 [1] INFO mpp_proiect_csharp_DeepSmeag.repo.ProbaRepo - mpp_proiect_csharp_DeepSmeag.domain.CategorieVarsta
2023-04-02 18:20:24,081 [1] INFO mpp_proiect_csharp_DeepSmeag.repo.PersoanaOficiuRepo - Persoana oficiu gasita cu succes
2023-04-02 18:20:24,905 [1] INFO mpp_proiect_csharp_DeepSmeag.repo.ProbaRepo - %d-%d
2023-04-02 18:20:24,906 [1] INFO mpp_proiect_csharp_DeepSmeag.repo.ProbaRepo - %d-%d
2023-04-02 18:20:24,906 [1] INFO mpp_proiect_csharp_DeepSmeag.repo.ProbaRepo - %d-%d
2023-04-02 18:20:24,907 [1] INFO mpp_proiect_csharp_DeepSmeag.repo.ProbaRepo - %d-%d
2023-04-02 18:20:24,907 [1] INFO mpp_proiect_csharp_DeepSmeag.repo.ProbaRepo - %d-%d
2023-04-02 18:20:24,908 [1] INFO mpp_proiect_csharp_DeepSmeag.repo.ProbaRepo - %d-%d
2023-04-02 18:20:24,908 [1] INFO mpp_proiect_csharp_DeepSmeag.repo.ProbaRepo - %d-%d
2023-04-02 18:20:24,909 [1] INFO mpp_proiect_csharp_DeepSmeag.repo.ProbaRepo - %d-%d
2023-04-02 18:20:24,909 [1] INFO mpp_proiect_csharp_DeepSmeag.repo.ProbaRepo - %d-%d
2023-04-02 18:21:22,883 [1] INFO mpp_proiect_csharp_DeepSmeag.repo.PersoanaOficiuRepo - Persoana oficiu gasita cu succes
2023-04-02 18:21:24,393 [1] INFO mpp_proiect_csharp_DeepSmeag.repo.ProbaRepo - d-d
2023-04-02 18:21:24,394 [1] INFO mpp_proiect_csharp_DeepSmeag.repo.ProbaRepo - d-d
2023-04-02 18:21:24,395 [1] INFO mpp_proiect_csharp_DeepSmeag.repo.ProbaRepo - d-d
2023-04-02 18:21:24,395 [1] INFO mpp_proiect_csharp_DeepSmeag.repo.ProbaRepo - d-d
2023-04-02 18:21:24,396 [1] INFO mpp_proiect_csharp_DeepSmeag.repo.ProbaRepo - d-d
2023-04-02 18:21:24,396 [1] INFO mpp_proiect_csharp_DeepSmeag.repo.ProbaRepo - d-d
2023-04-02 18:21:24,397 [1] INFO mpp_proiect_csharp_DeepSmeag.repo.ProbaRepo - d-d
2023-04-02 18:21:24,397 [1] INFO mpp_proiect_csharp_DeepSmeag.repo.ProbaRepo - d-d
2023-04-02 18:21:24,397 [1] INFO mpp_proiect_csharp_DeepSmeag.repo.ProbaRepo - d-d
2023-04-02 18:22:07,334 [1] INFO mpp_proiect_csharp_DeepSmeag.repo.PersoanaOficiuRepo - Persoana oficiu gasita cu succes
2023-04-02 18:22:08,731 [1] ERROR mpp_proiect_csharp_DeepSmeag.repo.ProbaRepo - Input string was not in a correct format.
2023-04-02 18:22:43,196 [1] INFO mpp_proiect_csharp_DeepSmeag.repo.PersoanaOficiuRepo - Persoana oficiu gasita cu succes
2023-04-02 18:22:44,417 [1] ERROR mpp_proiect_csharp_DeepSmeag.repo.ProbaRepo - Input string was not in a correct format.
2023-04-02 18:23:26,078 [1] INFO mpp_proiect_csharp_DeepSmeag.repo.PersoanaOficiuRepo - Persoana oficiu gasita cu succes
2023-04-02 18:23:27,154 [1] INFO mpp_proiect_csharp_DeepSmeag.repo.ProbaRepo - d-d
2023-04-02 18:23:27,155 [1] INFO mpp_proiect_csharp_DeepSmeag.repo.ProbaRepo - d-d
2023-04-02 18:23:27,155 [1] INFO mpp_proiect_csharp_DeepSmeag.repo.ProbaRepo - d-d
2023-04-02 18:23:27,156 [1] INFO mpp_proiect_csharp_DeepSmeag.repo.ProbaRepo - d-d
2023-04-02 18:23:27,156 [1] INFO mpp_proiect_csharp_DeepSmeag.repo.ProbaRepo - d-d
2023-04-02 18:23:27,156 [1] INFO mpp_proiect_csharp_DeepSmeag.repo.ProbaRepo - d-d
2023-04-02 18:23:27,157 [1] INFO mpp_proiect_csharp_DeepSmeag.repo.ProbaRepo - d-d
2023-04-02 18:23:27,157 [1] INFO mpp_proiect_csharp_DeepSmeag.repo.ProbaRepo - d-d
2023-04-02 18:23:27,158 [1] INFO mpp_proiect_csharp_DeepSmeag.repo.ProbaRepo - d-d
2023-04-02 18:24:38,191 [1] INFO mpp_proiect_csharp_DeepSmeag.repo.PersoanaOficiuRepo - Persoana oficiu gasita cu succes
2023-04-02 18:24:39,446 [1] INFO mpp_proiect_csharp_DeepSmeag.repo.ProbaRepo - 6-6
2023-04-02 18:24:39,447 [1] INFO mpp_proiect_csharp_DeepSmeag.repo.ProbaRepo - 6-6
2023-04-02 18:24:39,448 [1] INFO mpp_proiect_csharp_DeepSmeag.repo.ProbaRepo - 6-6
2023-04-02 18:24:39,448 [1] INFO mpp_proiect_csharp_DeepSmeag.repo.ProbaRepo - 9-9
2023-04-02 18:24:39,449 [1] INFO mpp_proiect_csharp_DeepSmeag.repo.ProbaRepo - 9-9
2023-04-02 18:24:39,449 [1] INFO mpp_proiect_csharp_DeepSmeag.repo.ProbaRepo - 9-9
2023-04-02 18:24:39,450 [1] INFO mpp_proiect_csharp_DeepSmeag.repo.ProbaRepo - 12-12
2023-04-02 18:24:39,450 [1] INFO mpp_proiect_csharp_DeepSmeag.repo.ProbaRepo - 12-12
2023-04-02 18:24:39,451 [1] INFO mpp_proiect_csharp_DeepSmeag.repo.ProbaRepo - 12-12
2023-04-02 18:25:07,689 [1] INFO mpp_proiect_csharp_DeepSmeag.repo.PersoanaOficiuRepo - Persoana oficiu gasita cu succes
2023-04-02 18:25:09,037 [1] INFO mpp_proiect_csharp_DeepSmeag.repo.ProbaRepo - 6-8
2023-04-02 18:25:09,038 [1] INFO mpp_proiect_csharp_DeepSmeag.repo.ProbaRepo - 6-8
2023-04-02 18:25:09,039 [1] INFO mpp_proiect_csharp_DeepSmeag.repo.ProbaRepo - 6-8
2023-04-02 18:25:09,040 [1] INFO mpp_proiect_csharp_DeepSmeag.repo.ProbaRepo - 9-11
2023-04-02 18:25:09,040 [1] INFO mpp_proiect_csharp_DeepSmeag.repo.ProbaRepo - 9-11
2023-04-02 18:25:09,041 [1] INFO mpp_proiect_csharp_DeepSmeag.repo.ProbaRepo - 9-11
2023-04-02 18:25:09,041 [1] INFO mpp_proiect_csharp_DeepSmeag.repo.ProbaRepo - 12-15
2023-04-02 18:25:09,042 [1] INFO mpp_proiect_csharp_DeepSmeag.repo.ProbaRepo - 12-15
2023-04-02 18:25:09,042 [1] INFO mpp_proiect_csharp_DeepSmeag.repo.ProbaRepo - 12-15
2023-04-02 18:35:00,741 [1] INFO mpp_proiect_csharp_DeepSmeag.repo.PersoanaOficiuRepo - Persoana oficiu gasita cu succes
2023-04-02 18:35:01,851 [1] INFO mpp_proiect_csharp_DeepSmeag.repo.ProbaRepo - 6-8
2023-04-02 18:35:01,852 [1] INFO mpp_proiect_csharp_DeepSmeag.repo.ProbaRepo - 6-8
2023-04-02 18:35:01,853 [1] INFO mpp_proiect_csharp_DeepSmeag.repo.ProbaRepo - 6-8
2023-04-02 18:35:01,853 [1] INFO mpp_proiect_csharp_DeepSmeag.repo.ProbaRepo - 9-11
2023-04-02 18:35:01,854 [1] INFO mpp_proiect_csharp_DeepSmeag.repo.ProbaRepo - 9-11
2023-04-02 18:35:01,855 [1] INFO mpp_proiect_csharp_DeepSmeag.repo.ProbaRepo - 9-11
2023-04-02 18:35:01,855 [1] INFO mpp_proiect_csharp_DeepSmeag.repo.ProbaRepo - 12-15
2023-04-02 18:35:01,855 [1] INFO mpp_proiect_csharp_DeepSmeag.repo.ProbaRepo - 12-15
2023-04-02 18:35:01,856 [1] INFO mpp_proiect_csharp_DeepSmeag.repo.ProbaRepo - 12-15
2023-04-02 18:35:07,954 [1] INFO mpp_proiect_csharp_DeepSmeag.repo.ProbaRepo - 6-8
2023-04-02 18:35:07,956 [1] INFO mpp_proiect_csharp_DeepSmeag.repo.ProbaRepo - 6-8
2023-04-02 18:35:07,958 [1] INFO mpp_proiect_csharp_DeepSmeag.repo.ProbaRepo - 6-8
2023-04-02 18:35:07,959 [1] INFO mpp_proiect_csharp_DeepSmeag.repo.ProbaRepo - 9-11
2023-04-02 18:35:07,961 [1] INFO mpp_proiect_csharp_DeepSmeag.repo.ProbaRepo - 9-11
2023-04-02 18:35:07,963 [1] INFO mpp_proiect_csharp_DeepSmeag.repo.ProbaRepo - 9-11
2023-04-02 18:35:07,965 [1] INFO mpp_proiect_csharp_DeepSmeag.repo.ProbaRepo - 12-15
2023-04-02 18:35:07,966 [1] INFO mpp_proiect_csharp_DeepSmeag.repo.ProbaRepo - 12-15
2023-04-02 18:35:07,968 [1] INFO mpp_proiect_csharp_DeepSmeag.repo.ProbaRepo - 12-15
2023-04-02 18:35:13,167 [1] INFO mpp_proiect_csharp_DeepSmeag.repo.ProbaRepo - 6-8
2023-04-02 18:35:13,168 [1] INFO mpp_proiect_csharp_DeepSmeag.repo.ProbaRepo - 6-8
2023-04-02 18:35:13,169 [1] INFO mpp_proiect_csharp_DeepSmeag.repo.ProbaRepo - 6-8
2023-04-02 18:35:13,170 [1] INFO mpp_proiect_csharp_DeepSmeag.repo.ProbaRepo - 9-11
2023-04-02 18:35:13,172 [1] INFO mpp_proiect_csharp_DeepSmeag.repo.ProbaRepo - 9-11
2023-04-02 18:35:13,173 [1] INFO mpp_proiect_csharp_DeepSmeag.repo.ProbaRepo - 9-11
2023-04-02 18:35:13,174 [1] INFO mpp_proiect_csharp_DeepSmeag.repo.ProbaRepo - 12-15
2023-04-02 18:35:13,175 [1] INFO mpp_proiect_csharp_DeepSmeag.repo.ProbaRepo - 12-15
2023-04-02 18:35:13,175 [1] INFO mpp_proiect_csharp_DeepSmeag.repo.ProbaRepo - 12-15
2023-04-02 18:35:14,950 [1] INFO mpp_proiect_csharp_DeepSmeag.repo.ProbaRepo - 6-8
2023-04-02 18:35:14,952 [1] INFO mpp_proiect_csharp_DeepSmeag.repo.ProbaRepo - 6-8
2023-04-02 18:35:14,954 [1] INFO mpp_proiect_csharp_DeepSmeag.repo.ProbaRepo - 6-8
2023-04-02 18:35:14,955 [1] INFO mpp_proiect_csharp_DeepSmeag.repo.ProbaRepo - 9-11
2023-04-02 18:35:14,956 [1] INFO mpp_proiect_csharp_DeepSmeag.repo.ProbaRepo - 9-11
2023-04-02 18:35:14,958 [1] INFO mpp_proiect_csharp_DeepSmeag.repo.ProbaRepo - 9-11
2023-04-02 18:35:14,960 [1] INFO mpp_proiect_csharp_DeepSmeag.repo.ProbaRepo - 12-15
2023-04-02 18:35:14,962 [1] INFO mpp_proiect_csharp_DeepSmeag.repo.ProbaRepo - 12-15
2023-04-02 18:35:14,964 [1] INFO mpp_proiect_csharp_DeepSmeag.repo.ProbaRepo - 12-15
2023-04-02 18:36:41,811 [1] INFO mpp_proiect_csharp_DeepSmeag.repo.PersoanaOficiuRepo - Persoana oficiu gasita cu succes
2023-04-02 18:36:43,587 [1] INFO mpp_proiect_csharp_DeepSmeag.repo.ProbaRepo - 6-8
2023-04-02 18:36:43,588 [1] INFO mpp_proiect_csharp_DeepSmeag.repo.ProbaRepo - 6-8
2023-04-02 18:36:43,588 [1] INFO mpp_proiect_csharp_DeepSmeag.repo.ProbaRepo - 6-8
2023-04-02 18:36:43,589 [1] INFO mpp_proiect_csharp_DeepSmeag.repo.ProbaRepo - 9-11
2023-04-02 18:36:43,590 [1] INFO mpp_proiect_csharp_DeepSmeag.repo.ProbaRepo - 9-11
2023-04-02 18:36:43,590 [1] INFO mpp_proiect_csharp_DeepSmeag.repo.ProbaRepo - 9-11
2023-04-02 18:36:43,591 [1] INFO mpp_proiect_csharp_DeepSmeag.repo.ProbaRepo - 12-15
2023-04-02 18:36:43,591 [1] INFO mpp_proiect_csharp_DeepSmeag.repo.ProbaRepo - 12-15
2023-04-02 18:36:43,592 [1] INFO mpp_proiect_csharp_DeepSmeag.repo.ProbaRepo - 12-15
2023-04-02 18:38:23,750 [1] INFO mpp_proiect_csharp_DeepSmeag.repo.PersoanaOficiuRepo - Persoana oficiu gasita cu succes
2023-04-02 18:38:24,820 [1] INFO mpp_proiect_csharp_DeepSmeag.repo.ProbaRepo - 6-8
2023-04-02 18:38:24,821 [1] INFO mpp_proiect_csharp_DeepSmeag.repo.ProbaRepo - 6-8
2023-04-02 18:38:24,822 [1] INFO mpp_proiect_csharp_DeepSmeag.repo.ProbaRepo - 6-8
2023-04-02 18:38:24,822 [1] INFO mpp_proiect_csharp_DeepSmeag.repo.ProbaRepo - 9-11
2023-04-02 18:38:24,823 [1] INFO mpp_proiect_csharp_DeepSmeag.repo.ProbaRepo - 9-11
2023-04-02 18:38:24,824 [1] INFO mpp_proiect_csharp_DeepSmeag.repo.ProbaRepo - 9-11
2023-04-02 18:38:24,824 [1] INFO mpp_proiect_csharp_DeepSmeag.repo.ProbaRepo - 12-15
2023-04-02 18:38:24,825 [1] INFO mpp_proiect_csharp_DeepSmeag.repo.ProbaRepo - 12-15
2023-04-02 18:38:24,825 [1] INFO mpp_proiect_csharp_DeepSmeag.repo.ProbaRepo - 12-15
2023-04-02 18:38:26,563 [1] INFO mpp_proiect_csharp_DeepSmeag.uiForms.MainMenu - DataGridViewRow { Index=6 }
2023-04-02 18:38:27,016 [1] INFO mpp_proiect_csharp_DeepSmeag.uiForms.MainMenu - DataGridViewRow { Index=3 }
2023-04-02 18:38:27,184 [1] INFO mpp_proiect_csharp_DeepSmeag.uiForms.MainMenu - DataGridViewRow { Index=6 }
2023-04-02 18:38:27,515 [1] INFO mpp_proiect_csharp_DeepSmeag.uiForms.MainMenu - DataGridViewRow { Index=8 }
2023-04-02 18:38:27,770 [1] INFO mpp_proiect_csharp_DeepSmeag.uiForms.MainMenu - DataGridViewRow { Index=5 }
2023-04-02 18:38:28,281 [1] INFO mpp_proiect_csharp_DeepSmeag.uiForms.MainMenu - DataGridViewRow { Index=1 }
2023-04-02 18:38:28,616 [1] INFO mpp_proiect_csharp_DeepSmeag.uiForms.MainMenu - DataGridViewRow { Index=4 }
2023-04-02 18:38:28,915 [1] INFO mpp_proiect_csharp_DeepSmeag.uiForms.MainMenu - DataGridViewRow { Index=7 }
2023-04-02 18:38:53,465 [1] INFO mpp_proiect_csharp_DeepSmeag.repo.PersoanaOficiuRepo - Persoana oficiu gasita cu succes
2023-04-02 18:40:45,276 [1] INFO mpp_proiect_csharp_DeepSmeag.repo.PersoanaOficiuRepo - Persoana oficiu gasita cu succes
2023-04-02 18:40:46,422 [1] INFO mpp_proiect_csharp_DeepSmeag.repo.ProbaRepo - 6-8
2023-04-02 18:40:46,423 [1] INFO mpp_proiect_csharp_DeepSmeag.repo.ProbaRepo - 6-8
2023-04-02 18:40:46,424 [1] INFO mpp_proiect_csharp_DeepSmeag.repo.ProbaRepo - 6-8
2023-04-02 18:40:46,424 [1] INFO mpp_proiect_csharp_DeepSmeag.repo.ProbaRepo - 9-11
2023-04-02 18:40:46,425 [1] INFO mpp_proiect_csharp_DeepSmeag.repo.ProbaRepo - 9-11
2023-04-02 18:40:46,426 [1] INFO mpp_proiect_csharp_DeepSmeag.repo.ProbaRepo - 9-11
2023-04-02 18:40:46,426 [1] INFO mpp_proiect_csharp_DeepSmeag.repo.ProbaRepo - 12-15
2023-04-02 18:40:46,427 [1] INFO mpp_proiect_csharp_DeepSmeag.repo.ProbaRepo - 12-15
2023-04-02 18:40:46,427 [1] INFO mpp_proiect_csharp_DeepSmeag.repo.ProbaRepo - 12-15
2023-04-02 18:40:48,696 [1] INFO mpp_proiect_csharp_DeepSmeag.uiForms.MainMenu - DataGridViewRow { Index=2 }
2023-04-02 18:40:53,786 [1] INFO mpp_proiect_csharp_DeepSmeag.uiForms.MainMenu - DataGridViewRow { Index=4 }
2023-04-02 18:40:54,750 [1] INFO mpp_proiect_csharp_DeepSmeag.uiForms.MainMenu - DataGridViewRow { Index=0 }
2023-04-02 18:40:56,028 [1] INFO mpp_proiect_csharp_DeepSmeag.uiForms.MainMenu - DataGridViewRow { Index=1 }
2023-04-02 18:40:59,259 [1] INFO mpp_proiect_csharp_DeepSmeag.uiForms.MainMenu - DataGridViewRow { Index=2 }
2023-04-02 18:40:59,982 [1] INFO mpp_proiect_csharp_DeepSmeag.uiForms.MainMenu - DataGridViewRow { Index=2 }
2023-04-02 18:41:00,562 [1] INFO mpp_proiect_csharp_DeepSmeag.uiForms.MainMenu - DataGridViewRow { Index=2 }
2023-04-02 18:41:01,612 [1] INFO mpp_proiect_csharp_DeepSmeag.uiForms.MainMenu - DataGridViewRow { Index=3 }
2023-04-02 18:41:02,418 [1] INFO mpp_proiect_csharp_DeepSmeag.uiForms.MainMenu - DataGridViewRow { Index=4 }
2023-04-02 18:41:02,866 [1] INFO mpp_proiect_csharp_DeepSmeag.uiForms.MainMenu - DataGridViewRow { Index=5 }
2023-04-02 18:41:03,293 [1] INFO mpp_proiect_csharp_DeepSmeag.uiForms.MainMenu - DataGridViewRow { Index=6 }
2023-04-02 18:41:04,100 [1] INFO mpp_proiect_csharp_DeepSmeag.uiForms.MainMenu - DataGridViewRow { Index=7 }
2023-04-02 18:41:04,600 [1] INFO mpp_proiect_csharp_DeepSmeag.uiForms.MainMenu - DataGridViewRow { Index=8 }
2023-04-02 18:41:05,464 [1] INFO mpp_proiect_csharp_DeepSmeag.uiForms.MainMenu - DataGridViewRow { Index=5 }
2023-04-02 18:41:06,176 [1] INFO mpp_proiect_csharp_DeepSmeag.uiForms.MainMenu - DataGridViewRow { Index=0 }
2023-04-02 18:43:18,579 [1] INFO mpp_proiect_csharp_DeepSmeag.repo.PersoanaOficiuRepo - Persoana oficiu gasita cu succes
2023-04-02 18:43:20,201 [1] INFO mpp_proiect_csharp_DeepSmeag.repo.ProbaRepo - 6-8
2023-04-02 18:43:20,202 [1] INFO mpp_proiect_csharp_DeepSmeag.repo.ProbaRepo - 6-8
2023-04-02 18:43:20,203 [1] INFO mpp_proiect_csharp_DeepSmeag.repo.ProbaRepo - 6-8
2023-04-02 18:43:20,203 [1] INFO mpp_proiect_csharp_DeepSmeag.repo.ProbaRepo - 9-11
2023-04-02 18:43:20,204 [1] INFO mpp_proiect_csharp_DeepSmeag.repo.ProbaRepo - 9-11
2023-04-02 18:43:20,204 [1] INFO mpp_proiect_csharp_DeepSmeag.repo.ProbaRepo - 9-11
2023-04-02 18:43:20,205 [1] INFO mpp_proiect_csharp_DeepSmeag.repo.ProbaRepo - 12-15
2023-04-02 18:43:20,205 [1] INFO mpp_proiect_csharp_DeepSmeag.repo.ProbaRepo - 12-15
2023-04-02 18:43:20,206 [1] INFO mpp_proiect_csharp_DeepSmeag.repo.ProbaRepo - 12-15
2023-04-02 18:43:23,241 [1] INFO mpp_proiect_csharp_DeepSmeag.uiForms.MainMenu - DataGridViewRow { Index=4 }
2023-04-02 18:43:26,129 [1] INFO mpp_proiect_csharp_DeepSmeag.uiForms.MainMenu - DataGridViewRow { Index=0 }
2023-04-02 18:43:27,147 [1] INFO mpp_proiect_csharp_DeepSmeag.uiForms.MainMenu - DataGridViewRow { Index=1 }
2023-04-02 18:43:27,593 [1] INFO mpp_proiect_csharp_DeepSmeag.uiForms.MainMenu - DataGridViewRow { Index=2 }
2023-04-02 18:43:28,199 [1] INFO mpp_proiect_csharp_DeepSmeag.uiForms.MainMenu - DataGridViewRow { Index=3 }
2023-04-02 18:43:28,693 [1] INFO mpp_proiect_csharp_DeepSmeag.uiForms.MainMenu - DataGridViewRow { Index=4 }
2023-04-02 18:43:29,062 [1] INFO mpp_proiect_csharp_DeepSmeag.uiForms.MainMenu - DataGridViewRow { Index=5 }
2023-04-02 18:43:29,802 [1] INFO mpp_proiect_csharp_DeepSmeag.uiForms.MainMenu - DataGridViewRow { Index=6 }
2023-04-02 18:43:30,114 [1] INFO mpp_proiect_csharp_DeepSmeag.uiForms.MainMenu - DataGridViewRow { Index=7 }
2023-04-02 18:43:30,424 [1] INFO mpp_proiect_csharp_DeepSmeag.uiForms.MainMenu - DataGridViewRow { Index=8 }
2023-04-02 18:43:31,947 [1] INFO mpp_proiect_csharp_DeepSmeag.uiForms.MainMenu - DataGridViewRow { Index=0 }
2023-04-02 18:45:26,026 [1] INFO mpp_proiect_csharp_DeepSmeag.repo.PersoanaOficiuRepo - Persoana oficiu gasita cu succes
2023-04-02 18:45:27,278 [1] INFO mpp_proiect_csharp_DeepSmeag.repo.ProbaRepo - 6-8
2023-04-02 18:45:27,279 [1] INFO mpp_proiect_csharp_DeepSmeag.repo.ProbaRepo - 6-8
2023-04-02 18:45:27,280 [1] INFO mpp_proiect_csharp_DeepSmeag.repo.ProbaRepo - 6-8
2023-04-02 18:45:27,280 [1] INFO mpp_proiect_csharp_DeepSmeag.repo.ProbaRepo - 9-11
2023-04-02 18:45:27,281 [1] INFO mpp_proiect_csharp_DeepSmeag.repo.ProbaRepo - 9-11
2023-04-02 18:45:27,281 [1] INFO mpp_proiect_csharp_DeepSmeag.repo.ProbaRepo - 9-11
2023-04-02 18:45:27,282 [1] INFO mpp_proiect_csharp_DeepSmeag.repo.ProbaRepo - 12-15
2023-04-02 18:45:27,282 [1] INFO mpp_proiect_csharp_DeepSmeag.repo.ProbaRepo - 12-15
2023-04-02 18:45:27,283 [1] INFO mpp_proiect_csharp_DeepSmeag.repo.ProbaRepo - 12-15
2023-04-02 18:45:28,638 [1] INFO mpp_proiect_csharp_DeepSmeag.uiForms.MainMenu - DataGridViewRow { Index=1 }
2023-04-02 18:45:29,352 [1] INFO mpp_proiect_csharp_DeepSmeag.uiForms.MainMenu - DataGridViewRow { Index=3 }
2023-04-02 18:45:30,173 [1] INFO mpp_proiect_csharp_DeepSmeag.uiForms.MainMenu - DataGridViewRow { Index=4 }
2023-04-02 18:45:31,320 [1] INFO mpp_proiect_csharp_DeepSmeag.uiForms.MainMenu - DataGridViewRow { Index=5 }
2023-04-02 18:45:32,952 [1] INFO mpp_proiect_csharp_DeepSmeag.uiForms.MainMenu - DataGridViewRow { Index=6 }
2023-04-02 18:45:33,583 [1] INFO mpp_proiect_csharp_DeepSmeag.uiForms.MainMenu - DataGridViewRow { Index=7 }
2023-04-02 18:45:35,566 [1] INFO mpp_proiect_csharp_DeepSmeag.uiForms.MainMenu - DataGridViewRow { Index=8 }
2023-04-02 18:45:36,065 [1] INFO mpp_proiect_csharp_DeepSmeag.uiForms.MainMenu - DataGridViewRow { Index=7 }
2023-04-02 18:45:36,864 [1] INFO mpp_proiect_csharp_DeepSmeag.uiForms.MainMenu - DataGridViewRow { Index=6 }
2023-04-02 18:45:37,763 [1] INFO mpp_proiect_csharp_DeepSmeag.uiForms.MainMenu - DataGridViewRow { Index=6 }
2023-04-02 19:29:45,560 [1] INFO mpp_proiect_csharp_DeepSmeag.repo.PersoanaOficiuRepo - Persoana oficiu gasita cu succes
2023-04-02 19:29:47,037 [1] INFO mpp_proiect_csharp_DeepSmeag.repo.ProbaRepo - 6-8
2023-04-02 19:29:47,038 [1] INFO mpp_proiect_csharp_DeepSmeag.repo.ProbaRepo - 6-8
2023-04-02 19:29:47,039 [1] INFO mpp_proiect_csharp_DeepSmeag.repo.ProbaRepo - 6-8
2023-04-02 19:29:47,039 [1] INFO mpp_proiect_csharp_DeepSmeag.repo.ProbaRepo - 9-11
2023-04-02 19:29:47,039 [1] INFO mpp_proiect_csharp_DeepSmeag.repo.ProbaRepo - 9-11
2023-04-02 19:29:47,040 [1] INFO mpp_proiect_csharp_DeepSmeag.repo.ProbaRepo - 9-11
2023-04-02 19:29:47,040 [1] INFO mpp_proiect_csharp_DeepSmeag.repo.ProbaRepo - 12-15
2023-04-02 19:29:47,040 [1] INFO mpp_proiect_csharp_DeepSmeag.repo.ProbaRepo - 12-15
2023-04-02 19:29:47,041 [1] INFO mpp_proiect_csharp_DeepSmeag.repo.ProbaRepo - 12-15
2023-04-02 19:29:50,149 [1] INFO mpp_proiect_csharp_DeepSmeag.uiForms.MainMenu - DataGridViewRow { Index=6 }
2023-04-02 19:30:13,075 [1] INFO mpp_proiect_csharp_DeepSmeag.uiForms.MainMenu - DataGridViewRow { Index=6 }
2023-04-02 19:30:13,493 [1] INFO mpp_proiect_csharp_DeepSmeag.uiForms.MainMenu - DataGridViewRow { Index=7 }
2023-04-02 19:30:14,040 [1] INFO mpp_proiect_csharp_DeepSmeag.uiForms.MainMenu - DataGridViewRow { Index=7 }
2023-04-02 19:31:20,062 [1] INFO mpp_proiect_csharp_DeepSmeag.repo.PersoanaOficiuRepo - Persoana oficiu gasita cu succes
2023-04-02 19:31:21,174 [1] INFO mpp_proiect_csharp_DeepSmeag.repo.ProbaRepo - 6-8
2023-04-02 19:31:21,175 [1] INFO mpp_proiect_csharp_DeepSmeag.repo.ProbaRepo - 6-8
2023-04-02 19:31:21,176 [1] INFO mpp_proiect_csharp_DeepSmeag.repo.ProbaRepo - 6-8
2023-04-02 19:31:21,176 [1] INFO mpp_proiect_csharp_DeepSmeag.repo.ProbaRepo - 9-11
2023-04-02 19:31:21,177 [1] INFO mpp_proiect_csharp_DeepSmeag.repo.ProbaRepo - 9-11
2023-04-02 19:31:21,177 [1] INFO mpp_proiect_csharp_DeepSmeag.repo.ProbaRepo - 9-11
2023-04-02 19:31:21,178 [1] INFO mpp_proiect_csharp_DeepSmeag.repo.ProbaRepo - 12-15
2023-04-02 19:31:21,178 [1] INFO mpp_proiect_csharp_DeepSmeag.repo.ProbaRepo - 12-15
2023-04-02 19:31:21,178 [1] INFO mpp_proiect_csharp_DeepSmeag.repo.ProbaRepo - 12-15
2023-04-02 19:31:23,321 [1] INFO mpp_proiect_csharp_DeepSmeag.uiForms.MainMenu - DataGridViewRow { Index=5 }
2023-04-02 19:31:25,030 [1] INFO mpp_proiect_csharp_DeepSmeag.uiForms.MainMenu - DataGridViewRow { Index=6 }
2023-04-02 19:33:21,366 [1] INFO mpp_proiect_csharp_DeepSmeag.repo.PersoanaOficiuRepo - Persoana oficiu gasita cu succes
2023-04-02 19:33:22,627 [1] INFO mpp_proiect_csharp_DeepSmeag.repo.ProbaRepo - 6-8
2023-04-02 19:33:22,628 [1] INFO mpp_proiect_csharp_DeepSmeag.repo.ProbaRepo - 6-8
2023-04-02 19:33:22,629 [1] INFO mpp_proiect_csharp_DeepSmeag.repo.ProbaRepo - 6-8
2023-04-02 19:33:22,630 [1] INFO mpp_proiect_csharp_DeepSmeag.repo.ProbaRepo - 9-11
2023-04-02 19:33:22,630 [1] INFO mpp_proiect_csharp_DeepSmeag.repo.ProbaRepo - 9-11
2023-04-02 19:33:22,631 [1] INFO mpp_proiect_csharp_DeepSmeag.repo.ProbaRepo - 9-11
2023-04-02 19:33:22,631 [1] INFO mpp_proiect_csharp_DeepSmeag.repo.ProbaRepo - 12-15
2023-04-02 19:33:22,632 [1] INFO mpp_proiect_csharp_DeepSmeag.repo.ProbaRepo - 12-15
2023-04-02 19:33:22,632 [1] INFO mpp_proiect_csharp_DeepSmeag.repo.ProbaRepo - 12-15
2023-04-02 19:33:24,325 [1] INFO mpp_proiect_csharp_DeepSmeag.uiForms.MainMenu - DataGridViewRow { Index=6 }
2023-04-02 19:33:54,470 [1] INFO mpp_proiect_csharp_DeepSmeag.repo.PersoanaOficiuRepo - Persoana oficiu gasita cu succes
2023-04-02 19:33:55,411 [1] INFO mpp_proiect_csharp_DeepSmeag.repo.ProbaRepo - 6-8
2023-04-02 19:33:55,413 [1] INFO mpp_proiect_csharp_DeepSmeag.repo.ProbaRepo - 6-8
2023-04-02 19:33:55,413 [1] INFO mpp_proiect_csharp_DeepSmeag.repo.ProbaRepo - 6-8
2023-04-02 19:33:55,414 [1] INFO mpp_proiect_csharp_DeepSmeag.repo.ProbaRepo - 9-11
2023-04-02 19:33:55,414 [1] INFO mpp_proiect_csharp_DeepSmeag.repo.ProbaRepo - 9-11
2023-04-02 19:33:55,415 [1] INFO mpp_proiect_csharp_DeepSmeag.repo.ProbaRepo - 9-11
2023-04-02 19:33:55,415 [1] INFO mpp_proiect_csharp_DeepSmeag.repo.ProbaRepo - 12-15
2023-04-02 19:33:55,416 [1] INFO mpp_proiect_csharp_DeepSmeag.repo.ProbaRepo - 12-15
2023-04-02 19:33:55,416 [1] INFO mpp_proiect_csharp_DeepSmeag.repo.ProbaRepo - 12-15
2023-04-02 19:33:57,272 [1] INFO mpp_proiect_csharp_DeepSmeag.uiForms.MainMenu - DataGridViewRow { Index=4 }
2023-04-02 19:33:59,050 [1] INFO mpp_proiect_csharp_DeepSmeag.uiForms.MainMenu - DataGridViewRow { Index=5 }
2023-04-02 19:34:57,573 [1] INFO mpp_proiect_csharp_DeepSmeag.repo.PersoanaOficiuRepo - Persoana oficiu gasita cu succes
2023-04-02 19:34:59,126 [1] INFO mpp_proiect_csharp_DeepSmeag.repo.ProbaRepo - 6-8
2023-04-02 19:34:59,128 [1] INFO mpp_proiect_csharp_DeepSmeag.repo.ProbaRepo - 6-8
2023-04-02 19:34:59,128 [1] INFO mpp_proiect_csharp_DeepSmeag.repo.ProbaRepo - 6-8
2023-04-02 19:34:59,129 [1] INFO mpp_proiect_csharp_DeepSmeag.repo.ProbaRepo - 9-11
2023-04-02 19:34:59,130 [1] INFO mpp_proiect_csharp_DeepSmeag.repo.ProbaRepo - 9-11
2023-04-02 19:34:59,130 [1] INFO mpp_proiect_csharp_DeepSmeag.repo.ProbaRepo - 9-11
2023-04-02 19:34:59,131 [1] INFO mpp_proiect_csharp_DeepSmeag.repo.ProbaRepo - 12-15
2023-04-02 19:34:59,131 [1] INFO mpp_proiect_csharp_DeepSmeag.repo.ProbaRepo - 12-15
2023-04-02 19:34:59,132 [1] INFO mpp_proiect_csharp_DeepSmeag.repo.ProbaRepo - 12-15
2023-04-02 19:35:00,994 [1] INFO mpp_proiect_csharp_DeepSmeag.uiForms.MainMenu - DataGridViewRow { Index=6 }
2023-04-02 19:35:02,647 [1] INFO mpp_proiect_csharp_DeepSmeag.uiForms.MainMenu - DataGridViewRow { Index=4 }
2023-04-02 19:36:39,440 [1] INFO mpp_proiect_csharp_DeepSmeag.repo.PersoanaOficiuRepo - Persoana oficiu gasita cu succes
2023-04-02 19:36:40,516 [1] INFO mpp_proiect_csharp_DeepSmeag.repo.ProbaRepo - 6-8
2023-04-02 19:36:40,518 [1] INFO mpp_proiect_csharp_DeepSmeag.repo.ProbaRepo - 6-8
2023-04-02 19:36:40,519 [1] INFO mpp_proiect_csharp_DeepSmeag.repo.ProbaRepo - 6-8
2023-04-02 19:36:40,519 [1] INFO mpp_proiect_csharp_DeepSmeag.repo.ProbaRepo - 9-11
2023-04-02 19:36:40,520 [1] INFO mpp_proiect_csharp_DeepSmeag.repo.ProbaRepo - 9-11
2023-04-02 19:36:40,520 [1] INFO mpp_proiect_csharp_DeepSmeag.repo.ProbaRepo - 9-11
2023-04-02 19:36:40,521 [1] INFO mpp_proiect_csharp_DeepSmeag.repo.ProbaRepo - 12-15
2023-04-02 19:36:40,521 [1] INFO mpp_proiect_csharp_DeepSmeag.repo.ProbaRepo - 12-15
2023-04-02 19:36:40,522 [1] INFO mpp_proiect_csharp_DeepSmeag.repo.ProbaRepo - 12-15
2023-04-02 19:36:47,761 [1] INFO mpp_proiect_csharp_DeepSmeag.uiForms.MainMenu - DataGridViewRow { Index=6 }
2023-04-02 19:36:48,309 [1] INFO mpp_proiect_csharp_DeepSmeag.uiForms.MainMenu - DataGridViewRow { Index=5 }
2023-04-02 19:36:58,775 [1] INFO mpp_proiect_csharp_DeepSmeag.uiForms.MainMenu - DataGridViewRow { Index=4 }
2023-04-02 19:36:59,142 [1] INFO mpp_proiect_csharp_DeepSmeag.uiForms.MainMenu - DataGridViewRow { Index=5 }
2023-04-02 19:37:15,711 [1] INFO mpp_proiect_csharp_DeepSmeag.uiForms.MainMenu - DataGridViewRow { Index=2 }
2023-04-02 19:37:33,313 [1] INFO mpp_proiect_csharp_DeepSmeag.uiForms.MainMenu - DataGridViewRow { Index=6 }
2023-04-02 19:37:33,677 [1] INFO mpp_proiect_csharp_DeepSmeag.uiForms.MainMenu - DataGridViewRow { Index=5 }
2023-04-02 19:37:34,205 [1] INFO mpp_proiect_csharp_DeepSmeag.uiForms.MainMenu - DataGridViewRow { Index=4 }
2023-04-02 19:37:35,261 [1] INFO mpp_proiect_csharp_DeepSmeag.uiForms.MainMenu - DataGridViewRow { Index=5 }
2023-04-02 19:38:12,393 [1] INFO mpp_proiect_csharp_DeepSmeag.repo.PersoanaOficiuRepo - Persoana oficiu gasita cu succes
2023-04-02 19:38:13,377 [1] INFO mpp_proiect_csharp_DeepSmeag.repo.ProbaRepo - 6-8
2023-04-02 19:38:13,378 [1] INFO mpp_proiect_csharp_DeepSmeag.repo.ProbaRepo - 6-8
2023-04-02 19:38:13,378 [1] INFO mpp_proiect_csharp_DeepSmeag.repo.ProbaRepo - 6-8
2023-04-02 19:38:13,379 [1] INFO mpp_proiect_csharp_DeepSmeag.repo.ProbaRepo - 9-11
2023-04-02 19:38:13,379 [1] INFO mpp_proiect_csharp_DeepSmeag.repo.ProbaRepo - 9-11
2023-04-02 19:38:13,379 [1] INFO mpp_proiect_csharp_DeepSmeag.repo.ProbaRepo - 9-11
2023-04-02 19:38:13,380 [1] INFO mpp_proiect_csharp_DeepSmeag.repo.ProbaRepo - 12-15
2023-04-02 19:38:13,380 [1] INFO mpp_proiect_csharp_DeepSmeag.repo.ProbaRepo - 12-15
2023-04-02 19:38:13,380 [1] INFO mpp_proiect_csharp_DeepSmeag.repo.ProbaRepo - 12-15
2023-04-02 19:39:19,031 [1] INFO mpp_proiect_csharp_DeepSmeag.repo.PersoanaOficiuRepo - Persoana oficiu gasita cu succes
2023-04-02 19:39:20,228 [1] INFO mpp_proiect_csharp_DeepSmeag.repo.ProbaRepo - 6-8
2023-04-02 19:39:20,229 [1] INFO mpp_proiect_csharp_DeepSmeag.repo.ProbaRepo - 6-8
2023-04-02 19:39:20,230 [1] INFO mpp_proiect_csharp_DeepSmeag.repo.ProbaRepo - 6-8
2023-04-02 19:39:20,230 [1] INFO mpp_proiect_csharp_DeepSmeag.repo.ProbaRepo - 9-11
2023-04-02 19:39:20,231 [1] INFO mpp_proiect_csharp_DeepSmeag.repo.ProbaRepo - 9-11
2023-04-02 19:39:20,231 [1] INFO mpp_proiect_csharp_DeepSmeag.repo.ProbaRepo - 9-11
2023-04-02 19:39:20,231 [1] INFO mpp_proiect_csharp_DeepSmeag.repo.ProbaRepo - 12-15
2023-04-02 19:39:20,232 [1] INFO mpp_proiect_csharp_DeepSmeag.repo.ProbaRepo - 12-15
2023-04-02 19:39:20,232 [1] INFO mpp_proiect_csharp_DeepSmeag.repo.ProbaRepo - 12-15
2023-04-02 19:39:21,721 [1] INFO mpp_proiect_csharp_DeepSmeag.uiForms.MainMenu - DataGridViewRow { Index=4 }
2023-04-02 19:39:40,617 [1] INFO mpp_proiect_csharp_DeepSmeag.uiForms.MainMenu - DataGridViewRow { Index=5 }
2023-04-02 19:47:04,089 [1] INFO mpp_proiect_csharp_DeepSmeag.repo.PersoanaOficiuRepo - Persoana oficiu gasita cu succes
2023-04-02 19:47:05,401 [1] INFO mpp_proiect_csharp_DeepSmeag.repo.ProbaRepo - 6-8
2023-04-02 19:47:05,402 [1] INFO mpp_proiect_csharp_DeepSmeag.repo.ProbaRepo - 6-8
2023-04-02 19:47:05,403 [1] INFO mpp_proiect_csharp_DeepSmeag.repo.ProbaRepo - 6-8
2023-04-02 19:47:05,404 [1] INFO mpp_proiect_csharp_DeepSmeag.repo.ProbaRepo - 9-11
2023-04-02 19:47:05,404 [1] INFO mpp_proiect_csharp_DeepSmeag.repo.ProbaRepo - 9-11
2023-04-02 19:47:05,405 [1] INFO mpp_proiect_csharp_DeepSmeag.repo.ProbaRepo - 9-11
2023-04-02 19:47:05,406 [1] INFO mpp_proiect_csharp_DeepSmeag.repo.ProbaRepo - 12-15
2023-04-02 19:47:05,406 [1] INFO mpp_proiect_csharp_DeepSmeag.repo.ProbaRepo - 12-15
2023-04-02 19:47:05,407 [1] INFO mpp_proiect_csharp_DeepSmeag.repo.ProbaRepo - 12-15
2023-04-02 19:47:06,807 [1] INFO mpp_proiect_csharp_DeepSmeag.uiForms.MainMenu - DataGridViewRow { Index=6 }
2023-04-02 19:47:18,038 [1] INFO mpp_proiect_csharp_DeepSmeag.uiForms.MainMenu - DataGridViewRow { Index=6 }
2023-04-02 22:04:41,073 [1] INFO mpp_proiect_csharp_DeepSmeag.repo.PersoanaOficiuRepo - Persoana oficiu gasita cu succes
2023-04-02 22:04:42,263 [1] INFO mpp_proiect_csharp_DeepSmeag.repo.ProbaRepo - 6-8
2023-04-02 22:04:42,264 [1] INFO mpp_proiect_csharp_DeepSmeag.repo.ProbaRepo - 6-8
2023-04-02 22:04:42,265 [1] INFO mpp_proiect_csharp_DeepSmeag.repo.ProbaRepo - 6-8
2023-04-02 22:04:42,265 [1] INFO mpp_proiect_csharp_DeepSmeag.repo.ProbaRepo - 9-11
2023-04-02 22:04:42,266 [1] INFO mpp_proiect_csharp_DeepSmeag.repo.ProbaRepo - 9-11
2023-04-02 22:04:42,266 [1] INFO mpp_proiect_csharp_DeepSmeag.repo.ProbaRepo - 9-11
2023-04-02 22:04:42,266 [1] INFO mpp_proiect_csharp_DeepSmeag.repo.ProbaRepo - 12-15
2023-04-02 22:04:42,267 [1] INFO mpp_proiect_csharp_DeepSmeag.repo.ProbaRepo - 12-15
2023-04-02 22:04:42,267 [1] INFO mpp_proiect_csharp_DeepSmeag.repo.ProbaRepo - 12-15
2023-04-02 22:04:43,749 [1] INFO mpp_proiect_csharp_DeepSmeag.uiForms.MainMenu - DataGridViewRow { Index=3 }
2023-04-02 22:04:45,187 [1] INFO mpp_proiect_csharp_DeepSmeag.uiForms.MainMenu - DataGridViewRow { Index=4 }
2023-04-02 22:04:45,759 [1] INFO mpp_proiect_csharp_DeepSmeag.uiForms.MainMenu - DataGridViewRow { Index=5 }
2023-04-02 22:07:49,212 [1] INFO mpp_proiect_csharp_DeepSmeag.repo.PersoanaOficiuRepo - Persoana oficiu gasita cu succes
2023-04-02 22:07:50,316 [1] INFO mpp_proiect_csharp_DeepSmeag.repo.ProbaRepo - 6-8
2023-04-02 22:07:50,317 [1] INFO mpp_proiect_csharp_DeepSmeag.repo.ProbaRepo - 6-8
2023-04-02 22:07:50,318 [1] INFO mpp_proiect_csharp_DeepSmeag.repo.ProbaRepo - 6-8
2023-04-02 22:07:50,318 [1] INFO mpp_proiect_csharp_DeepSmeag.repo.ProbaRepo - 9-11
2023-04-02 22:07:50,319 [1] INFO mpp_proiect_csharp_DeepSmeag.repo.ProbaRepo - 9-11
2023-04-02 22:07:50,319 [1] INFO mpp_proiect_csharp_DeepSmeag.repo.ProbaRepo - 9-11
2023-04-02 22:07:50,319 [1] INFO mpp_proiect_csharp_DeepSmeag.repo.ProbaRepo - 12-15
2023-04-02 22:07:50,320 [1] INFO mpp_proiect_csharp_DeepSmeag.repo.ProbaRepo - 12-15
2023-04-02 22:07:50,320 [1] INFO mpp_proiect_csharp_DeepSmeag.repo.ProbaRepo - 12-15
2023-04-02 22:07:55,196 [1] INFO mpp_proiect_csharp_DeepSmeag.uiForms.MainMenu - DataGridViewRow { Index=0 }
2023-04-02 22:07:55,552 [1] INFO mpp_proiect_csharp_DeepSmeag.uiForms.MainMenu - DataGridViewRow { Index=1 }
2023-04-02 22:08:48,160 [1] INFO mpp_proiect_csharp_DeepSmeag.repo.PersoanaOficiuRepo - Persoana oficiu gasita cu succes
2023-04-02 22:08:49,302 [1] INFO mpp_proiect_csharp_DeepSmeag.repo.ProbaRepo - 6-8
2023-04-02 22:08:49,303 [1] INFO mpp_proiect_csharp_DeepSmeag.repo.ProbaRepo - 6-8
2023-04-02 22:08:49,304 [1] INFO mpp_proiect_csharp_DeepSmeag.repo.ProbaRepo - 6-8
2023-04-02 22:08:49,304 [1] INFO mpp_proiect_csharp_DeepSmeag.repo.ProbaRepo - 9-11
2023-04-02 22:08:49,305 [1] INFO mpp_proiect_csharp_DeepSmeag.repo.ProbaRepo - 9-11
2023-04-02 22:08:49,305 [1] INFO mpp_proiect_csharp_DeepSmeag.repo.ProbaRepo - 9-11
2023-04-02 22:08:49,305 [1] INFO mpp_proiect_csharp_DeepSmeag.repo.ProbaRepo - 12-15
2023-04-02 22:08:49,306 [1] INFO mpp_proiect_csharp_DeepSmeag.repo.ProbaRepo - 12-15
2023-04-02 22:08:49,306 [1] INFO mpp_proiect_csharp_DeepSmeag.repo.ProbaRepo - 12-15
2023-04-02 22:08:53,805 [1] INFO mpp_proiect_csharp_DeepSmeag.uiForms.MainMenu - DataGridViewRow { Index=0 }
2023-04-02 22:08:54,097 [1] INFO mpp_proiect_csharp_DeepSmeag.uiForms.MainMenu - DataGridViewRow { Index=1 }
2023-04-02 22:09:06,479 [1] INFO mpp_proiect_csharp_DeepSmeag.uiForms.MainMenu - DataGridViewRow { Index=1 }
2023-04-02 22:09:06,956 [1] INFO mpp_proiect_csharp_DeepSmeag.uiForms.MainMenu - DataGridViewRow { Index=0 }
2023-04-02 22:09:07,363 [1] INFO mpp_proiect_csharp_DeepSmeag.uiForms.MainMenu - DataGridViewRow { Index=1 }
2023-04-02 22:09:07,798 [1] INFO mpp_proiect_csharp_DeepSmeag.uiForms.MainMenu - DataGridViewRow { Index=0 }
2023-04-02 22:09:13,260 [1] INFO mpp_proiect_csharp_DeepSmeag.uiForms.MainMenu - DataGridViewRow { Index=8 }
2023-04-02 22:10:12,160 [1] INFO mpp_proiect_csharp_DeepSmeag.repo.PersoanaOficiuRepo - Persoana oficiu gasita cu succes
2023-04-02 22:10:13,449 [1] INFO mpp_proiect_csharp_DeepSmeag.repo.ProbaRepo - 6-8
2023-04-02 22:10:13,450 [1] INFO mpp_proiect_csharp_DeepSmeag.repo.ProbaRepo - 6-8
2023-04-02 22:10:13,450 [1] INFO mpp_proiect_csharp_DeepSmeag.repo.ProbaRepo - 6-8
2023-04-02 22:10:13,450 [1] INFO mpp_proiect_csharp_DeepSmeag.repo.ProbaRepo - 9-11
2023-04-02 22:10:13,451 [1] INFO mpp_proiect_csharp_DeepSmeag.repo.ProbaRepo - 9-11
2023-04-02 22:10:13,451 [1] INFO mpp_proiect_csharp_DeepSmeag.repo.ProbaRepo - 9-11
2023-04-02 22:10:13,452 [1] INFO mpp_proiect_csharp_DeepSmeag.repo.ProbaRepo - 12-15
2023-04-02 22:10:13,452 [1] INFO mpp_proiect_csharp_DeepSmeag.repo.ProbaRepo - 12-15
2023-04-02 22:10:13,452 [1] INFO mpp_proiect_csharp_DeepSmeag.repo.ProbaRepo - 12-15
2023-04-02 22:10:14,874 [1] INFO mpp_proiect_csharp_DeepSmeag.uiForms.MainMenu - DataGridViewRow { Index=8 }
2023-04-02 22:10:17,658 [1] INFO mpp_proiect_csharp_DeepSmeag.uiForms.MainMenu - DataGridViewRow { Index=6 }
2023-04-02 22:10:18,498 [1] INFO mpp_proiect_csharp_DeepSmeag.uiForms.MainMenu - DataGridViewRow { Index=5 }
2023-04-02 22:10:19,450 [1] INFO mpp_proiect_csharp_DeepSmeag.uiForms.MainMenu - DataGridViewRow { Index=3 }
2023-04-02 22:10:19,982 [1] INFO mpp_proiect_csharp_DeepSmeag.uiForms.MainMenu - DataGridViewRow { Index=4 }
2023-04-02 22:10:53,207 [1] INFO mpp_proiect_csharp_DeepSmeag.repo.PersoanaOficiuRepo - Persoana oficiu gasita cu succes
2023-04-02 22:10:54,435 [1] INFO mpp_proiect_csharp_DeepSmeag.repo.ProbaRepo - 6-8
2023-04-02 22:10:54,436 [1] INFO mpp_proiect_csharp_DeepSmeag.repo.ProbaRepo - 6-8
2023-04-02 22:10:54,437 [1] INFO mpp_proiect_csharp_DeepSmeag.repo.ProbaRepo - 6-8
2023-04-02 22:10:54,438 [1] INFO mpp_proiect_csharp_DeepSmeag.repo.ProbaRepo - 9-11
2023-04-02 22:10:54,438 [1] INFO mpp_proiect_csharp_DeepSmeag.repo.ProbaRepo - 9-11
2023-04-02 22:10:54,438 [1] INFO mpp_proiect_csharp_DeepSmeag.repo.ProbaRepo - 9-11
2023-04-02 22:10:54,439 [1] INFO mpp_proiect_csharp_DeepSmeag.repo.ProbaRepo - 12-15
2023-04-02 22:10:54,439 [1] INFO mpp_proiect_csharp_DeepSmeag.repo.ProbaRepo - 12-15
2023-04-02 22:10:54,440 [1] INFO mpp_proiect_csharp_DeepSmeag.repo.ProbaRepo - 12-15
2023-04-02 22:10:58,168 [1] INFO mpp_proiect_csharp_DeepSmeag.uiForms.MainMenu - DataGridViewRow { Index=7 }
2023-04-02 22:11:05,040 [1] INFO mpp_proiect_csharp_DeepSmeag.uiForms.MainMenu - DataGridViewRow { Index=8 }
2023-04-02 22:12:44,874 [1] INFO mpp_proiect_csharp_DeepSmeag.repo.PersoanaOficiuRepo - Persoana oficiu gasita cu succes
2023-04-02 22:12:45,684 [1] INFO mpp_proiect_csharp_DeepSmeag.repo.ProbaRepo - 6-8
2023-04-02 22:12:45,685 [1] INFO mpp_proiect_csharp_DeepSmeag.repo.ProbaRepo - 6-8
2023-04-02 22:12:45,685 [1] INFO mpp_proiect_csharp_DeepSmeag.repo.ProbaRepo - 6-8
2023-04-02 22:12:45,686 [1] INFO mpp_proiect_csharp_DeepSmeag.repo.ProbaRepo - 9-11
2023-04-02 22:12:45,686 [1] INFO mpp_proiect_csharp_DeepSmeag.repo.ProbaRepo - 9-11
2023-04-02 22:12:45,687 [1] INFO mpp_proiect_csharp_DeepSmeag.repo.ProbaRepo - 9-11
2023-04-02 22:12:45,687 [1] INFO mpp_proiect_csharp_DeepSmeag.repo.ProbaRepo - 12-15
2023-04-02 22:12:45,687 [1] INFO mpp_proiect_csharp_DeepSmeag.repo.ProbaRepo - 12-15
2023-04-02 22:12:45,688 [1] INFO mpp_proiect_csharp_DeepSmeag.repo.ProbaRepo - 12-15
2023-04-02 22:12:46,957 [1] INFO mpp_proiect_csharp_DeepSmeag.uiForms.MainMenu - DataGridViewRow { Index=8 }
2023-04-02 22:12:48,985 [1] INFO mpp_proiect_csharp_DeepSmeag.uiForms.MainMenu - DataGridViewRow { Index=7 }
2023-04-02 22:12:51,722 [1] INFO mpp_proiect_csharp_DeepSmeag.uiForms.MainMenu - DataGridViewRow { Index=8 }
2023-04-02 22:12:52,235 [1] INFO mpp_proiect_csharp_DeepSmeag.uiForms.MainMenu - DataGridViewRow { Index=8 }
2023-04-02 22:14:05,187 [1] INFO mpp_proiect_csharp_DeepSmeag.repo.PersoanaOficiuRepo - Persoana oficiu gasita cu succes
2023-04-02 22:14:06,368 [1] INFO mpp_proiect_csharp_DeepSmeag.repo.ProbaRepo - 6-8
2023-04-02 22:14:06,370 [1] INFO mpp_proiect_csharp_DeepSmeag.repo.ProbaRepo - 6-8
2023-04-02 22:14:06,370 [1] INFO mpp_proiect_csharp_DeepSmeag.repo.ProbaRepo - 6-8
2023-04-02 22:14:06,370 [1] INFO mpp_proiect_csharp_DeepSmeag.repo.ProbaRepo - 9-11
2023-04-02 22:14:06,371 [1] INFO mpp_proiect_csharp_DeepSmeag.repo.ProbaRepo - 9-11
2023-04-02 22:14:06,371 [1] INFO mpp_proiect_csharp_DeepSmeag.repo.ProbaRepo - 9-11
2023-04-02 22:14:06,372 [1] INFO mpp_proiect_csharp_DeepSmeag.repo.ProbaRepo - 12-15
2023-04-02 22:14:06,372 [1] INFO mpp_proiect_csharp_DeepSmeag.repo.ProbaRepo - 12-15
2023-04-02 22:14:06,372 [1] INFO mpp_proiect_csharp_DeepSmeag.repo.ProbaRepo - 12-15
2023-04-02 22:14:08,134 [1] INFO mpp_proiect_csharp_DeepSmeag.uiForms.MainMenu - DataGridViewRow { Index=8 }
2023-04-02 22:14:14,033 [1] INFO mpp_proiect_csharp_DeepSmeag.uiForms.MainMenu - DataGridViewRow { Index=0 }
2023-04-02 22:14:14,367 [1] INFO mpp_proiect_csharp_DeepSmeag.uiForms.MainMenu - DataGridViewRow { Index=1 }
2023-04-02 22:14:14,718 [1] INFO mpp_proiect_csharp_DeepSmeag.uiForms.MainMenu - DataGridViewRow { Index=2 }
2023-04-02 22:14:15,070 [1] INFO mpp_proiect_csharp_DeepSmeag.uiForms.MainMenu - DataGridViewRow { Index=3 }
2023-04-02 22:14:15,729 [1] INFO mpp_proiect_csharp_DeepSmeag.uiForms.MainMenu - DataGridViewRow { Index=5 }
2023-04-02 22:14:16,038 [1] INFO mpp_proiect_csharp_DeepSmeag.uiForms.MainMenu - DataGridViewRow { Index=6 }
2023-04-02 22:14:16,375 [1] INFO mpp_proiect_csharp_DeepSmeag.uiForms.MainMenu - DataGridViewRow { Index=7 }
2023-04-02 22:14:16,720 [1] INFO mpp_proiect_csharp_DeepSmeag.uiForms.MainMenu - DataGridViewRow { Index=8 }
2023-04-02 22:14:20,296 [1] INFO mpp_proiect_csharp_DeepSmeag.uiForms.MainMenu - DataGridViewRow { Index=0 }
2023-04-02 22:14:22,865 [1] INFO mpp_proiect_csharp_DeepSmeag.uiForms.MainMenu - DataGridViewRow { Index=1 }
2023-04-02 22:14:24,537 [1] INFO mpp_proiect_csharp_DeepSmeag.uiForms.MainMenu - DataGridViewRow { Index=0 }
2023-04-02 22:14:24,871 [1] INFO mpp_proiect_csharp_DeepSmeag.uiForms.MainMenu - DataGridViewRow { Index=1 }
2023-04-02 22:14:25,210 [1] INFO mpp_proiect_csharp_DeepSmeag.uiForms.MainMenu - DataGridViewRow { Index=2 }
2023-04-02 22:14:25,538 [1] INFO mpp_proiect_csharp_DeepSmeag.uiForms.MainMenu - DataGridViewRow { Index=3 }
2023-04-02 22:14:25,887 [1] INFO mpp_proiect_csharp_DeepSmeag.uiForms.MainMenu - DataGridViewRow { Index=4 }
2023-04-02 22:14:26,219 [1] INFO mpp_proiect_csharp_DeepSmeag.uiForms.MainMenu - DataGridViewRow { Index=5 }
2023-04-02 22:14:26,540 [1] INFO mpp_proiect_csharp_DeepSmeag.uiForms.MainMenu - DataGridViewRow { Index=6 }
2023-04-02 22:14:26,850 [1] INFO mpp_proiect_csharp_DeepSmeag.uiForms.MainMenu - DataGridViewRow { Index=7 }
2023-04-02 22:14:27,248 [1] INFO mpp_proiect_csharp_DeepSmeag.uiForms.MainMenu - DataGridViewRow { Index=8 }
2023-04-02 22:14:46,200 [1] INFO mpp_proiect_csharp_DeepSmeag.repo.PersoanaOficiuRepo - Persoana oficiu gasita cu succes
2023-04-02 22:14:47,411 [1] INFO mpp_proiect_csharp_DeepSmeag.repo.ProbaRepo - 6-8
2023-04-02 22:14:47,412 [1] INFO mpp_proiect_csharp_DeepSmeag.repo.ProbaRepo - 6-8
2023-04-02 22:14:47,413 [1] INFO mpp_proiect_csharp_DeepSmeag.repo.ProbaRepo - 6-8
2023-04-02 22:14:47,413 [1] INFO mpp_proiect_csharp_DeepSmeag.repo.ProbaRepo - 9-11
2023-04-02 22:14:47,414 [1] INFO mpp_proiect_csharp_DeepSmeag.repo.ProbaRepo - 9-11
2023-04-02 22:14:47,414 [1] INFO mpp_proiect_csharp_DeepSmeag.repo.ProbaRepo - 9-11
2023-04-02 22:14:47,415 [1] INFO mpp_proiect_csharp_DeepSmeag.repo.ProbaRepo - 12-15
2023-04-02 22:14:47,415 [1] INFO mpp_proiect_csharp_DeepSmeag.repo.ProbaRepo - 12-15
2023-04-02 22:14:47,415 [1] INFO mpp_proiect_csharp_DeepSmeag.repo.ProbaRepo - 12-15
2023-04-02 22:14:54,756 [1] INFO mpp_proiect_csharp_DeepSmeag.uiForms.MainMenu - DataGridViewRow { Index=5 }
2023-04-02 22:15:40,493 [1] INFO mpp_proiect_csharp_DeepSmeag.repo.PersoanaOficiuRepo - Persoana oficiu gasita cu succes
2023-04-02 22:15:41,597 [1] INFO mpp_proiect_csharp_DeepSmeag.repo.ProbaRepo - 6-8
2023-04-02 22:15:41,598 [1] INFO mpp_proiect_csharp_DeepSmeag.repo.ProbaRepo - 6-8
2023-04-02 22:15:41,599 [1] INFO mpp_proiect_csharp_DeepSmeag.repo.ProbaRepo - 6-8
2023-04-02 22:15:41,599 [1] INFO mpp_proiect_csharp_DeepSmeag.repo.ProbaRepo - 9-11
2023-04-02 22:15:41,600 [1] INFO mpp_proiect_csharp_DeepSmeag.repo.ProbaRepo - 9-11
2023-04-02 22:15:41,600 [1] INFO mpp_proiect_csharp_DeepSmeag.repo.ProbaRepo - 9-11
2023-04-02 22:15:41,601 [1] INFO mpp_proiect_csharp_DeepSmeag.repo.ProbaRepo - 12-15
2023-04-02 22:15:41,601 [1] INFO mpp_proiect_csharp_DeepSmeag.repo.ProbaRepo - 12-15
2023-04-02 22:15:41,602 [1] INFO mpp_proiect_csharp_DeepSmeag.repo.ProbaRepo - 12-15
2023-04-02 22:15:47,068 [1] INFO mpp_proiect_csharp_DeepSmeag.uiForms.MainMenu - DataGridViewRow { Index=5 }
2023-04-02 22:15:52,738 [1] INFO mpp_proiect_csharp_DeepSmeag.uiForms.MainMenu - DataGridViewRow { Index=6 }
2023-04-02 22:16:00,013 [1] INFO mpp_proiect_csharp_DeepSmeag.uiForms.MainMenu - DataGridViewRow { Index=8 }
2023-04-02 22:16:01,687 [1] INFO mpp_proiect_csharp_DeepSmeag.uiForms.MainMenu - DataGridViewRow { Index=6 }
2023-04-02 22:16:27,218 [1] INFO mpp_proiect_csharp_DeepSmeag.repo.PersoanaOficiuRepo - Persoana oficiu gasita cu succes
2023-04-02 22:16:28,293 [1] INFO mpp_proiect_csharp_DeepSmeag.repo.ProbaRepo - 6-8
2023-04-02 22:16:28,294 [1] INFO mpp_proiect_csharp_DeepSmeag.repo.ProbaRepo - 6-8
2023-04-02 22:16:28,295 [1] INFO mpp_proiect_csharp_DeepSmeag.repo.ProbaRepo - 6-8
2023-04-02 22:16:28,295 [1] INFO mpp_proiect_csharp_DeepSmeag.repo.ProbaRepo - 9-11
2023-04-02 22:16:28,296 [1] INFO mpp_proiect_csharp_DeepSmeag.repo.ProbaRepo - 9-11
2023-04-02 22:16:28,296 [1] INFO mpp_proiect_csharp_DeepSmeag.repo.ProbaRepo - 9-11
2023-04-02 22:16:28,296 [1] INFO mpp_proiect_csharp_DeepSmeag.repo.ProbaRepo - 12-15
2023-04-02 22:16:28,297 [1] INFO mpp_proiect_csharp_DeepSmeag.repo.ProbaRepo - 12-15
2023-04-02 22:16:28,297 [1] INFO mpp_proiect_csharp_DeepSmeag.repo.ProbaRepo - 12-15
2023-04-02 22:16:30,258 [1] INFO mpp_proiect_csharp_DeepSmeag.uiForms.MainMenu - DataGridViewRow { Index=8 }
2023-04-02 22:16:33,292 [1] INFO mpp_proiect_csharp_DeepSmeag.uiForms.MainMenu - DataGridViewRow { Index=7 }
2023-04-02 22:16:34,189 [1] INFO mpp_proiect_csharp_DeepSmeag.uiForms.MainMenu - DataGridViewRow { Index=8 }
2023-04-02 22:16:36,511 [1] INFO mpp_proiect_csharp_DeepSmeag.uiForms.MainMenu - DataGridViewRow { Index=8 }
2023-04-04 10:10:03,117 [1] INFO mpp_proiect_csharp_DeepSmeag.repo.PersoanaOficiuRepo - Persoana oficiu gasita cu succes
2023-04-04 10:10:03,815 [1] INFO mpp_proiect_csharp_DeepSmeag.repo.ProbaRepo - 6-8
2023-04-04 10:10:03,816 [1] INFO mpp_proiect_csharp_DeepSmeag.repo.ProbaRepo - 6-8
2023-04-04 10:10:03,817 [1] INFO mpp_proiect_csharp_DeepSmeag.repo.ProbaRepo - 6-8
2023-04-04 10:10:03,818 [1] INFO mpp_proiect_csharp_DeepSmeag.repo.ProbaRepo - 9-11
2023-04-04 10:10:03,818 [1] INFO mpp_proiect_csharp_DeepSmeag.repo.ProbaRepo - 9-11
2023-04-04 10:10:03,819 [1] INFO mpp_proiect_csharp_DeepSmeag.repo.ProbaRepo - 9-11
2023-04-04 10:10:03,819 [1] INFO mpp_proiect_csharp_DeepSmeag.repo.ProbaRepo - 12-15
2023-04-04 10:10:03,820 [1] INFO mpp_proiect_csharp_DeepSmeag.repo.ProbaRepo - 12-15
2023-04-04 10:10:03,820 [1] INFO mpp_proiect_csharp_DeepSmeag.repo.ProbaRepo - 12-15
2023-04-04 10:10:06,687 [1] INFO mpp_proiect_csharp_DeepSmeag.uiForms.MainMenu - DataGridViewRow { Index=2 }
2023-04-04 10:10:08,064 [1] INFO mpp_proiect_csharp_DeepSmeag.uiForms.MainMenu - DataGridViewRow { Index=3 }
2023-04-04 10:10:08,936 [1] INFO mpp_proiect_csharp_DeepSmeag.uiForms.MainMenu - DataGridViewRow { Index=4 }
2023-04-04 10:10:09,697 [1] INFO mpp_proiect_csharp_DeepSmeag.uiForms.MainMenu - DataGridViewRow { Index=5 }
2023-04-04 10:10:11,149 [1] INFO mpp_proiect_csharp_DeepSmeag.uiForms.MainMenu - DataGridViewRow { Index=6 }
2023-04-04 10:10:12,053 [1] INFO mpp_proiect_csharp_DeepSmeag.uiForms.MainMenu - DataGridViewRow { Index=7 }
2023-04-04 10:10:17,254 [1] INFO mpp_proiect_csharp_DeepSmeag.uiForms.MainMenu - DataGridViewRow { Index=7 }
2023-04-04 10:10:19,550 [1] INFO mpp_proiect_csharp_DeepSmeag.uiForms.MainMenu - DataGridViewRow { Index=8 }
2023-04-04 10:10:21,171 [1] INFO mpp_proiect_csharp_DeepSmeag.uiForms.MainMenu - DataGridViewRow { Index=7 }
2023-04-04 10:16:13,882 [1] INFO mpp_proiect_csharp_DeepSmeag.Program - Application started
2023-04-04 10:16:22,124 [1] INFO mpp_proiect_csharp_DeepSmeag.repo.PersoanaOficiuRepo - Persoana oficiu gasita cu succes
2023-04-04 10:16:23,194 [1] INFO mpp_proiect_csharp_DeepSmeag.repo.ProbaRepo - 6-8
2023-04-04 10:16:23,195 [1] INFO mpp_proiect_csharp_DeepSmeag.repo.ProbaRepo - 6-8
2023-04-04 10:16:23,196 [1] INFO mpp_proiect_csharp_DeepSmeag.repo.ProbaRepo - 6-8
2023-04-04 10:16:23,197 [1] INFO mpp_proiect_csharp_DeepSmeag.repo.ProbaRepo - 9-11
2023-04-04 10:16:23,197 [1] INFO mpp_proiect_csharp_DeepSmeag.repo.ProbaRepo - 9-11
2023-04-04 10:16:23,198 [1] INFO mpp_proiect_csharp_DeepSmeag.repo.ProbaRepo - 9-11
2023-04-04 10:16:23,198 [1] INFO mpp_proiect_csharp_DeepSmeag.repo.ProbaRepo - 12-15
2023-04-04 10:16:23,199 [1] INFO mpp_proiect_csharp_DeepSmeag.repo.ProbaRepo - 12-15
2023-04-04 10:16:23,199 [1] INFO mpp_proiect_csharp_DeepSmeag.repo.ProbaRepo - 12-15
2023-04-04 10:18:40,506 [1] INFO mpp_proiect_csharp_DeepSmeag.Program - Application started
2023-04-04 10:19:45,346 [1] INFO mpp_proiect_csharp_DeepSmeag.Program - Application started
2023-04-04 10:20:54,963 [1] INFO mpp_proiect_csharp_DeepSmeag.Program - Application started
2023-04-04 10:22:36,729 [1] INFO mpp_proiect_csharp_DeepSmeag.Program - Application started
2023-04-04 10:22:41,056 [1] INFO mpp_proiect_csharp_DeepSmeag.Program - Application started
2023-04-04 10:25:08,274 [1] INFO mpp_proiect_csharp_DeepSmeag.Program - Application started
2023-04-04 10:26:18,797 [1] INFO mpp_proiect_csharp_DeepSmeag.Program - Application started
2023-04-04 10:26:42,994 [1] INFO mpp_proiect_csharp_DeepSmeag.Program - Application started
2023-04-04 10:27:27,737 [1] INFO mpp_proiect_csharp_DeepSmeag.Program - Application started
2023-04-04 10:32:35,143 [1] INFO mpp_proiect_csharp_DeepSmeag.Program - Application started
2023-04-04 10:32:49,746 [1] INFO mpp_proiect_csharp_DeepSmeag.repo.PersoanaOficiuRepo - Persoana oficiu gasita cu succes
2023-04-04 10:32:50,858 [1] INFO mpp_proiect_csharp_DeepSmeag.repo.ProbaRepo - 6-8
2023-04-04 10:32:50,860 [1] INFO mpp_proiect_csharp_DeepSmeag.repo.ProbaRepo - 6-8
2023-04-04 10:32:50,862 [1] INFO mpp_proiect_csharp_DeepSmeag.repo.ProbaRepo - 6-8
2023-04-04 10:32:50,863 [1] INFO mpp_proiect_csharp_DeepSmeag.repo.ProbaRepo - 9-11
2023-04-04 10:32:50,864 [1] INFO mpp_proiect_csharp_DeepSmeag.repo.ProbaRepo - 9-11
2023-04-04 10:32:50,866 [1] INFO mpp_proiect_csharp_DeepSmeag.repo.ProbaRepo - 9-11
2023-04-04 10:32:50,867 [1] INFO mpp_proiect_csharp_DeepSmeag.repo.ProbaRepo - 12-15
2023-04-04 10:32:50,868 [1] INFO mpp_proiect_csharp_DeepSmeag.repo.ProbaRepo - 12-15
2023-04-04 10:32:50,869 [1] INFO mpp_proiect_csharp_DeepSmeag.repo.ProbaRepo - 12-15
2023-04-04 10:32:52,749 [1] INFO mpp_proiect_csharp_DeepSmeag.uiForms.MainMenu - DataGridViewRow { Index=1 }
2023-04-04 10:32:53,447 [1] INFO mpp_proiect_csharp_DeepSmeag.uiForms.MainMenu - DataGridViewRow { Index=5 }
2023-04-04 10:32:55,346 [1] INFO mpp_proiect_csharp_DeepSmeag.uiForms.MainMenu - DataGridViewRow { Index=7 }
2023-04-04 10:33:02,005 [1] INFO mpp_proiect_csharp_DeepSmeag.uiForms.MainMenu - DataGridViewRow { Index=7 }
2023-04-04 10:33:11,408 [1] INFO mpp_proiect_csharp_DeepSmeag.uiForms.MainMenu - DataGridViewRow { Index=8 }
2023-04-04 10:33:18,056 [1] INFO mpp_proiect_csharp_DeepSmeag.uiForms.MainMenu - DataGridViewRow { Index=6 }
2023-04-04 10:33:27,517 [1] INFO mpp_proiect_csharp_DeepSmeag.uiForms.MainMenu - DataGridViewRow { Index=7 }
